<?xml version="1.0" encoding="UTF-8"?>
<testsuite xmlns:xsi="http://www.w3.org/2001/XMLSchema-instance" xsi:schemaLocation="https://maven.apache.org/surefire/maven-surefire-plugin/xsd/surefire-test-report.xsd" name="listas.RegressionTest" time="0.622" tests="5388" errors="0" skipped="0" failures="0">
  <properties>
[...]
</properties>
  <testcase name="test001" classname="listas.RegressionTest0" time="0.002"/>
  <testcase name="test001" classname="listas.RegressionTest1" time="0"/>
  <testcase name="test001" classname="listas.RegressionTest2" time="0"/>
  <testcase name="test001" classname="listas.RegressionTest3" time="0"/>
  <testcase name="test001" classname="listas.RegressionTest4" time="0"/>
  <testcase name="test001" classname="listas.RegressionTest5" time="0"/>
  <testcase name="test001" classname="listas.RegressionTest6" time="0"/>
  <testcase name="test001" classname="listas.RegressionTest7" time="0"/>
  <testcase name="test001" classname="listas.RegressionTest8" time="0"/>
  <testcase name="test001" classname="listas.RegressionTest9" time="0"/>
  <testcase name="test001" classname="listas.RegressionTest10" time="0"/>
  <testcase name="test002" classname="listas.RegressionTest0" time="0"/>
  <testcase name="test002" classname="listas.RegressionTest1" time="0"/>
  <testcase name="test002" classname="listas.RegressionTest2" time="0.001"/>
  <testcase name="test002" classname="listas.RegressionTest3" time="0"/>
  <testcase name="test002" classname="listas.RegressionTest4" time="0.001"/>
  <testcase name="test002" classname="listas.RegressionTest5" time="0"/>
  <testcase name="test002" classname="listas.RegressionTest6" time="0"/>
  <testcase name="test002" classname="listas.RegressionTest7" time="0"/>
  <testcase name="test002" classname="listas.RegressionTest8" time="0"/>
  <testcase name="test002" classname="listas.RegressionTest9" time="0"/>
  <testcase name="test002" classname="listas.RegressionTest10" time="0"/>
  <testcase name="test003" classname="listas.RegressionTest0" time="0"/>
  <testcase name="test003" classname="listas.RegressionTest1" time="0"/>
  <testcase name="test003" classname="listas.RegressionTest2" time="0"/>
  <testcase name="test003" classname="listas.RegressionTest3" time="0"/>
  <testcase name="test003" classname="listas.RegressionTest4" time="0"/>
  <testcase name="test003" classname="listas.RegressionTest5" time="0.001"/>
  <testcase name="test003" classname="listas.RegressionTest6" time="0"/>
  <testcase name="test003" classname="listas.RegressionTest7" time="0"/>
  <testcase name="test003" classname="listas.RegressionTest8" time="0"/>
  <testcase name="test003" classname="listas.RegressionTest9" time="0"/>
  <testcase name="test003" classname="listas.RegressionTest10" time="0"/>
  <testcase name="test004" classname="listas.RegressionTest0" time="0"/>
  <testcase name="test004" classname="listas.RegressionTest1" time="0"/>
  <testcase name="test004" classname="listas.RegressionTest2" time="0"/>
  <testcase name="test004" classname="listas.RegressionTest3" time="0"/>
  <testcase name="test004" classname="listas.RegressionTest4" time="0"/>
  <testcase name="test004" classname="listas.RegressionTest5" time="0"/>
  <testcase name="test004" classname="listas.RegressionTest6" time="0"/>
  <testcase name="test004" classname="listas.RegressionTest7" time="0"/>
  <testcase name="test004" classname="listas.RegressionTest8" time="0"/>
  <testcase name="test004" classname="listas.RegressionTest9" time="0"/>
  <testcase name="test004" classname="listas.RegressionTest10" time="0"/>
  <testcase name="test005" classname="listas.RegressionTest0" time="0"/>
  <testcase name="test005" classname="listas.RegressionTest1" time="0"/>
  <testcase name="test005" classname="listas.RegressionTest2" time="0"/>
  <testcase name="test005" classname="listas.RegressionTest3" time="0"/>
  <testcase name="test005" classname="listas.RegressionTest4" time="0"/>
  <testcase name="test005" classname="listas.RegressionTest5" time="0"/>
  <testcase name="test005" classname="listas.RegressionTest6" time="0"/>
  <testcase name="test005" classname="listas.RegressionTest7" time="0"/>
  <testcase name="test005" classname="listas.RegressionTest8" time="0"/>
  <testcase name="test005" classname="listas.RegressionTest9" time="0"/>
  <testcase name="test005" classname="listas.RegressionTest10" time="0"/>
  <testcase name="test006" classname="listas.RegressionTest0" time="0"/>
  <testcase name="test006" classname="listas.RegressionTest1" time="0"/>
  <testcase name="test006" classname="listas.RegressionTest2" time="0"/>
  <testcase name="test006" classname="listas.RegressionTest3" time="0"/>
  <testcase name="test006" classname="listas.RegressionTest4" time="0"/>
  <testcase name="test006" classname="listas.RegressionTest5" time="0"/>
  <testcase name="test006" classname="listas.RegressionTest6" time="0"/>
  <testcase name="test006" classname="listas.RegressionTest7" time="0"/>
  <testcase name="test006" classname="listas.RegressionTest8" time="0"/>
  <testcase name="test006" classname="listas.RegressionTest9" time="0"/>
  <testcase name="test006" classname="listas.RegressionTest10" time="0"/>
  <testcase name="test007" classname="listas.RegressionTest0" time="0"/>
  <testcase name="test007" classname="listas.RegressionTest1" time="0"/>
  <testcase name="test007" classname="listas.RegressionTest2" time="0"/>
  <testcase name="test007" classname="listas.RegressionTest3" time="0"/>
  <testcase name="test007" classname="listas.RegressionTest4" time="0"/>
  <testcase name="test007" classname="listas.RegressionTest5" time="0"/>
  <testcase name="test007" classname="listas.RegressionTest6" time="0.001"/>
  <testcase name="test007" classname="listas.RegressionTest7" time="0"/>
  <testcase name="test007" classname="listas.RegressionTest8" time="0"/>
  <testcase name="test007" classname="listas.RegressionTest9" time="0"/>
  <testcase name="test007" classname="listas.RegressionTest10" time="0"/>
  <testcase name="test008" classname="listas.RegressionTest0" time="0"/>
  <testcase name="test008" classname="listas.RegressionTest1" time="0"/>
  <testcase name="test008" classname="listas.RegressionTest2" time="0"/>
  <testcase name="test008" classname="listas.RegressionTest3" time="0"/>
  <testcase name="test008" classname="listas.RegressionTest4" time="0"/>
  <testcase name="test008" classname="listas.RegressionTest5" time="0"/>
  <testcase name="test008" classname="listas.RegressionTest6" time="0"/>
  <testcase name="test008" classname="listas.RegressionTest7" time="0"/>
  <testcase name="test008" classname="listas.RegressionTest8" time="0"/>
  <testcase name="test008" classname="listas.RegressionTest9" time="0.001"/>
  <testcase name="test008" classname="listas.RegressionTest10" time="0"/>
  <testcase name="test009" classname="listas.RegressionTest0" time="0"/>
  <testcase name="test009" classname="listas.RegressionTest1" time="0"/>
  <testcase name="test009" classname="listas.RegressionTest2" time="0"/>
  <testcase name="test009" classname="listas.RegressionTest3" time="0"/>
  <testcase name="test009" classname="listas.RegressionTest4" time="0"/>
  <testcase name="test009" classname="listas.RegressionTest5" time="0"/>
  <testcase name="test009" classname="listas.RegressionTest6" time="0"/>
  <testcase name="test009" classname="listas.RegressionTest7" time="0"/>
  <testcase name="test009" classname="listas.RegressionTest8" time="0"/>
  <testcase name="test009" classname="listas.RegressionTest9" time="0"/>
  <testcase name="test009" classname="listas.RegressionTest10" time="0"/>
  <testcase name="test010" classname="listas.RegressionTest0" time="0"/>
  <testcase name="test010" classname="listas.RegressionTest1" time="0"/>
  <testcase name="test010" classname="listas.RegressionTest2" time="0"/>
  <testcase name="test010" classname="listas.RegressionTest3" time="0"/>
  <testcase name="test010" classname="listas.RegressionTest4" time="0"/>
  <testcase name="test010" classname="listas.RegressionTest5" time="0"/>
  <testcase name="test010" classname="listas.RegressionTest6" time="0"/>
  <testcase name="test010" classname="listas.RegressionTest7" time="0"/>
  <testcase name="test010" classname="listas.RegressionTest8" time="0"/>
  <testcase name="test010" classname="listas.RegressionTest9" time="0"/>
  <testcase name="test010" classname="listas.RegressionTest10" time="0"/>
  <testcase name="test011" classname="listas.RegressionTest0" time="0"/>
  <testcase name="test011" classname="listas.RegressionTest1" time="0.001"/>
  <testcase name="test011" classname="listas.RegressionTest2" time="0"/>
  <testcase name="test011" classname="listas.RegressionTest3" time="0"/>
  <testcase name="test011" classname="listas.RegressionTest4" time="0"/>
  <testcase name="test011" classname="listas.RegressionTest5" time="0"/>
  <testcase name="test011" classname="listas.RegressionTest6" time="0"/>
  <testcase name="test011" classname="listas.RegressionTest7" time="0.002"/>
  <testcase name="test011" classname="listas.RegressionTest8" time="0"/>
  <testcase name="test011" classname="listas.RegressionTest9" time="0"/>
  <testcase name="test011" classname="listas.RegressionTest10" time="0"/>
  <testcase name="test012" classname="listas.RegressionTest0" time="0"/>
  <testcase name="test012" classname="listas.RegressionTest1" time="0"/>
  <testcase name="test012" classname="listas.RegressionTest2" time="0"/>
  <testcase name="test012" classname="listas.RegressionTest3" time="0"/>
  <testcase name="test012" classname="listas.RegressionTest4" time="0"/>
  <testcase name="test012" classname="listas.RegressionTest5" time="0"/>
  <testcase name="test012" classname="listas.RegressionTest6" time="0"/>
  <testcase name="test012" classname="listas.RegressionTest7" time="0"/>
  <testcase name="test012" classname="listas.RegressionTest8" time="0"/>
  <testcase name="test012" classname="listas.RegressionTest9" time="0"/>
  <testcase name="test012" classname="listas.RegressionTest10" time="0"/>
  <testcase name="test013" classname="listas.RegressionTest0" time="0"/>
  <testcase name="test013" classname="listas.RegressionTest1" time="0"/>
  <testcase name="test013" classname="listas.RegressionTest2" time="0"/>
  <testcase name="test013" classname="listas.RegressionTest3" time="0"/>
  <testcase name="test013" classname="listas.RegressionTest4" time="0"/>
  <testcase name="test013" classname="listas.RegressionTest5" time="0"/>
  <testcase name="test013" classname="listas.RegressionTest6" time="0"/>
  <testcase name="test013" classname="listas.RegressionTest7" time="0"/>
  <testcase name="test013" classname="listas.RegressionTest8" time="0"/>
  <testcase name="test013" classname="listas.RegressionTest9" time="0"/>
  <testcase name="test013" classname="listas.RegressionTest10" time="0"/>
  <testcase name="test014" classname="listas.RegressionTest0" time="0"/>
  <testcase name="test014" classname="listas.RegressionTest1" time="0"/>
  <testcase name="test014" classname="listas.RegressionTest2" time="0"/>
  <testcase name="test014" classname="listas.RegressionTest3" time="0"/>
  <testcase name="test014" classname="listas.RegressionTest4" time="0"/>
  <testcase name="test014" classname="listas.RegressionTest5" time="0"/>
  <testcase name="test014" classname="listas.RegressionTest6" time="0"/>
  <testcase name="test014" classname="listas.RegressionTest7" time="0"/>
  <testcase name="test014" classname="listas.RegressionTest8" time="0"/>
  <testcase name="test014" classname="listas.RegressionTest9" time="0"/>
  <testcase name="test014" classname="listas.RegressionTest10" time="0.001"/>
  <testcase name="test015" classname="listas.RegressionTest0" time="0"/>
  <testcase name="test015" classname="listas.RegressionTest1" time="0"/>
  <testcase name="test015" classname="listas.RegressionTest2" time="0"/>
  <testcase name="test015" classname="listas.RegressionTest3" time="0"/>
  <testcase name="test015" classname="listas.RegressionTest4" time="0"/>
  <testcase name="test015" classname="listas.RegressionTest5" time="0"/>
  <testcase name="test015" classname="listas.RegressionTest6" time="0"/>
  <testcase name="test015" classname="listas.RegressionTest7" time="0"/>
  <testcase name="test015" classname="listas.RegressionTest8" time="0"/>
  <testcase name="test015" classname="listas.RegressionTest9" time="0"/>
  <testcase name="test015" classname="listas.RegressionTest10" time="0"/>
  <testcase name="test016" classname="listas.RegressionTest0" time="0"/>
  <testcase name="test016" classname="listas.RegressionTest1" time="0"/>
  <testcase name="test016" classname="listas.RegressionTest2" time="0"/>
  <testcase name="test016" classname="listas.RegressionTest3" time="0"/>
  <testcase name="test016" classname="listas.RegressionTest4" time="0"/>
  <testcase name="test016" classname="listas.RegressionTest5" time="0"/>
  <testcase name="test016" classname="listas.RegressionTest6" time="0"/>
  <testcase name="test016" classname="listas.RegressionTest7" time="0"/>
  <testcase name="test016" classname="listas.RegressionTest8" time="0"/>
  <testcase name="test016" classname="listas.RegressionTest9" time="0"/>
  <testcase name="test016" classname="listas.RegressionTest10" time="0"/>
  <testcase name="test017" classname="listas.RegressionTest0" time="0"/>
  <testcase name="test017" classname="listas.RegressionTest1" time="0.001"/>
  <testcase name="test017" classname="listas.RegressionTest2" time="0"/>
  <testcase name="test017" classname="listas.RegressionTest3" time="0"/>
  <testcase name="test017" classname="listas.RegressionTest4" time="0"/>
  <testcase name="test017" classname="listas.RegressionTest5" time="0"/>
  <testcase name="test017" classname="listas.RegressionTest6" time="0"/>
  <testcase name="test017" classname="listas.RegressionTest7" time="0"/>
  <testcase name="test017" classname="listas.RegressionTest8" time="0"/>
  <testcase name="test017" classname="listas.RegressionTest9" time="0"/>
  <testcase name="test017" classname="listas.RegressionTest10" time="0"/>
  <testcase name="test018" classname="listas.RegressionTest0" time="0"/>
  <testcase name="test018" classname="listas.RegressionTest1" time="0"/>
  <testcase name="test018" classname="listas.RegressionTest2" time="0"/>
  <testcase name="test018" classname="listas.RegressionTest3" time="0"/>
  <testcase name="test018" classname="listas.RegressionTest4" time="0"/>
  <testcase name="test018" classname="listas.RegressionTest5" time="0"/>
  <testcase name="test018" classname="listas.RegressionTest6" time="0"/>
  <testcase name="test018" classname="listas.RegressionTest7" time="0"/>
  <testcase name="test018" classname="listas.RegressionTest8" time="0"/>
  <testcase name="test018" classname="listas.RegressionTest9" time="0"/>
  <testcase name="test018" classname="listas.RegressionTest10" time="0"/>
  <testcase name="test019" classname="listas.RegressionTest0" time="0"/>
  <testcase name="test019" classname="listas.RegressionTest1" time="0"/>
  <testcase name="test019" classname="listas.RegressionTest2" time="0"/>
  <testcase name="test019" classname="listas.RegressionTest3" time="0"/>
  <testcase name="test019" classname="listas.RegressionTest4" time="0"/>
  <testcase name="test019" classname="listas.RegressionTest5" time="0"/>
  <testcase name="test019" classname="listas.RegressionTest6" time="0"/>
  <testcase name="test019" classname="listas.RegressionTest7" time="0"/>
  <testcase name="test019" classname="listas.RegressionTest8" time="0"/>
  <testcase name="test019" classname="listas.RegressionTest9" time="0"/>
  <testcase name="test019" classname="listas.RegressionTest10" time="0"/>
  <testcase name="test020" classname="listas.RegressionTest0" time="0"/>
  <testcase name="test020" classname="listas.RegressionTest1" time="0"/>
  <testcase name="test020" classname="listas.RegressionTest2" time="0"/>
  <testcase name="test020" classname="listas.RegressionTest3" time="0"/>
  <testcase name="test020" classname="listas.RegressionTest4" time="0"/>
  <testcase name="test020" classname="listas.RegressionTest5" time="0"/>
  <testcase name="test020" classname="listas.RegressionTest6" time="0"/>
  <testcase name="test020" classname="listas.RegressionTest7" time="0"/>
  <testcase name="test020" classname="listas.RegressionTest8" time="0"/>
  <testcase name="test020" classname="listas.RegressionTest9" time="0"/>
  <testcase name="test020" classname="listas.RegressionTest10" time="0"/>
  <testcase name="test021" classname="listas.RegressionTest0" time="0"/>
  <testcase name="test021" classname="listas.RegressionTest1" time="0"/>
  <testcase name="test021" classname="listas.RegressionTest2" time="0"/>
  <testcase name="test021" classname="listas.RegressionTest3" time="0"/>
  <testcase name="test021" classname="listas.RegressionTest4" time="0"/>
  <testcase name="test021" classname="listas.RegressionTest5" time="0"/>
  <testcase name="test021" classname="listas.RegressionTest6" time="0"/>
  <testcase name="test021" classname="listas.RegressionTest7" time="0"/>
  <testcase name="test021" classname="listas.RegressionTest8" time="0"/>
  <testcase name="test021" classname="listas.RegressionTest9" time="0"/>
  <testcase name="test021" classname="listas.RegressionTest10" time="0"/>
  <testcase name="test022" classname="listas.RegressionTest0" time="0"/>
  <testcase name="test022" classname="listas.RegressionTest1" time="0"/>
  <testcase name="test022" classname="listas.RegressionTest2" time="0"/>
  <testcase name="test022" classname="listas.RegressionTest3" time="0"/>
  <testcase name="test022" classname="listas.RegressionTest4" time="0"/>
  <testcase name="test022" classname="listas.RegressionTest5" time="0"/>
  <testcase name="test022" classname="listas.RegressionTest6" time="0"/>
  <testcase name="test022" classname="listas.RegressionTest7" time="0"/>
  <testcase name="test022" classname="listas.RegressionTest8" time="0"/>
  <testcase name="test022" classname="listas.RegressionTest9" time="0"/>
  <testcase name="test022" classname="listas.RegressionTest10" time="0"/>
  <testcase name="test023" classname="listas.RegressionTest0" time="0"/>
  <testcase name="test023" classname="listas.RegressionTest1" time="0"/>
  <testcase name="test023" classname="listas.RegressionTest2" time="0"/>
  <testcase name="test023" classname="listas.RegressionTest3" time="0"/>
  <testcase name="test023" classname="listas.RegressionTest4" time="0"/>
  <testcase name="test023" classname="listas.RegressionTest5" time="0"/>
  <testcase name="test023" classname="listas.RegressionTest6" time="0"/>
  <testcase name="test023" classname="listas.RegressionTest7" time="0"/>
  <testcase name="test023" classname="listas.RegressionTest8" time="0"/>
  <testcase name="test023" classname="listas.RegressionTest9" time="0"/>
  <testcase name="test023" classname="listas.RegressionTest10" time="0"/>
  <testcase name="test024" classname="listas.RegressionTest0" time="0"/>
  <testcase name="test024" classname="listas.RegressionTest1" time="0"/>
  <testcase name="test024" classname="listas.RegressionTest2" time="0.001"/>
  <testcase name="test024" classname="listas.RegressionTest3" time="0"/>
  <testcase name="test024" classname="listas.RegressionTest4" time="0"/>
  <testcase name="test024" classname="listas.RegressionTest5" time="0"/>
  <testcase name="test024" classname="listas.RegressionTest6" time="0"/>
  <testcase name="test024" classname="listas.RegressionTest7" time="0"/>
  <testcase name="test024" classname="listas.RegressionTest8" time="0"/>
  <testcase name="test024" classname="listas.RegressionTest9" time="0"/>
  <testcase name="test024" classname="listas.RegressionTest10" time="0"/>
  <testcase name="test025" classname="listas.RegressionTest0" time="0"/>
  <testcase name="test025" classname="listas.RegressionTest1" time="0"/>
  <testcase name="test025" classname="listas.RegressionTest2" time="0"/>
  <testcase name="test025" classname="listas.RegressionTest3" time="0"/>
  <testcase name="test025" classname="listas.RegressionTest4" time="0"/>
  <testcase name="test025" classname="listas.RegressionTest5" time="0"/>
  <testcase name="test025" classname="listas.RegressionTest6" time="0"/>
  <testcase name="test025" classname="listas.RegressionTest7" time="0"/>
  <testcase name="test025" classname="listas.RegressionTest8" time="0"/>
  <testcase name="test025" classname="listas.RegressionTest9" time="0"/>
  <testcase name="test025" classname="listas.RegressionTest10" time="0"/>
  <testcase name="test026" classname="listas.RegressionTest0" time="0"/>
  <testcase name="test026" classname="listas.RegressionTest1" time="0.001"/>
  <testcase name="test026" classname="listas.RegressionTest2" time="0"/>
  <testcase name="test026" classname="listas.RegressionTest3" time="0"/>
  <testcase name="test026" classname="listas.RegressionTest4" time="0"/>
  <testcase name="test026" classname="listas.RegressionTest5" time="0"/>
  <testcase name="test026" classname="listas.RegressionTest6" time="0"/>
  <testcase name="test026" classname="listas.RegressionTest7" time="0"/>
  <testcase name="test026" classname="listas.RegressionTest8" time="0"/>
  <testcase name="test026" classname="listas.RegressionTest9" time="0"/>
  <testcase name="test026" classname="listas.RegressionTest10" time="0"/>
  <testcase name="test027" classname="listas.RegressionTest0" time="0"/>
  <testcase name="test027" classname="listas.RegressionTest1" time="0"/>
  <testcase name="test027" classname="listas.RegressionTest2" time="0"/>
  <testcase name="test027" classname="listas.RegressionTest3" time="0"/>
  <testcase name="test027" classname="listas.RegressionTest4" time="0"/>
  <testcase name="test027" classname="listas.RegressionTest5" time="0"/>
  <testcase name="test027" classname="listas.RegressionTest6" time="0"/>
  <testcase name="test027" classname="listas.RegressionTest7" time="0"/>
  <testcase name="test027" classname="listas.RegressionTest8" time="0"/>
  <testcase name="test027" classname="listas.RegressionTest9" time="0"/>
  <testcase name="test027" classname="listas.RegressionTest10" time="0"/>
  <testcase name="test028" classname="listas.RegressionTest0" time="0"/>
  <testcase name="test028" classname="listas.RegressionTest1" time="0"/>
  <testcase name="test028" classname="listas.RegressionTest2" time="0"/>
  <testcase name="test028" classname="listas.RegressionTest3" time="0"/>
  <testcase name="test028" classname="listas.RegressionTest4" time="0"/>
  <testcase name="test028" classname="listas.RegressionTest5" time="0"/>
  <testcase name="test028" classname="listas.RegressionTest6" time="0"/>
  <testcase name="test028" classname="listas.RegressionTest7" time="0"/>
  <testcase name="test028" classname="listas.RegressionTest8" time="0"/>
  <testcase name="test028" classname="listas.RegressionTest9" time="0"/>
  <testcase name="test028" classname="listas.RegressionTest10" time="0.001"/>
  <testcase name="test029" classname="listas.RegressionTest0" time="0"/>
  <testcase name="test029" classname="listas.RegressionTest1" time="0"/>
  <testcase name="test029" classname="listas.RegressionTest2" time="0"/>
  <testcase name="test029" classname="listas.RegressionTest3" time="0"/>
  <testcase name="test029" classname="listas.RegressionTest4" time="0"/>
  <testcase name="test029" classname="listas.RegressionTest5" time="0"/>
  <testcase name="test029" classname="listas.RegressionTest6" time="0"/>
  <testcase name="test029" classname="listas.RegressionTest7" time="0"/>
  <testcase name="test029" classname="listas.RegressionTest8" time="0"/>
  <testcase name="test029" classname="listas.RegressionTest9" time="0"/>
  <testcase name="test029" classname="listas.RegressionTest10" time="0"/>
  <testcase name="test030" classname="listas.RegressionTest0" time="0"/>
  <testcase name="test030" classname="listas.RegressionTest1" time="0"/>
  <testcase name="test030" classname="listas.RegressionTest2" time="0"/>
  <testcase name="test030" classname="listas.RegressionTest3" time="0"/>
  <testcase name="test030" classname="listas.RegressionTest4" time="0"/>
  <testcase name="test030" classname="listas.RegressionTest5" time="0"/>
  <testcase name="test030" classname="listas.RegressionTest6" time="0"/>
  <testcase name="test030" classname="listas.RegressionTest7" time="0"/>
  <testcase name="test030" classname="listas.RegressionTest8" time="0"/>
  <testcase name="test030" classname="listas.RegressionTest9" time="0"/>
  <testcase name="test030" classname="listas.RegressionTest10" time="0"/>
  <testcase name="test031" classname="listas.RegressionTest0" time="0"/>
  <testcase name="test031" classname="listas.RegressionTest1" time="0"/>
  <testcase name="test031" classname="listas.RegressionTest2" time="0"/>
  <testcase name="test031" classname="listas.RegressionTest3" time="0"/>
  <testcase name="test031" classname="listas.RegressionTest4" time="0"/>
  <testcase name="test031" classname="listas.RegressionTest5" time="0.001"/>
  <testcase name="test031" classname="listas.RegressionTest6" time="0"/>
  <testcase name="test031" classname="listas.RegressionTest7" time="0"/>
  <testcase name="test031" classname="listas.RegressionTest8" time="0"/>
  <testcase name="test031" classname="listas.RegressionTest9" time="0"/>
  <testcase name="test031" classname="listas.RegressionTest10" time="0"/>
  <testcase name="test032" classname="listas.RegressionTest0" time="0"/>
  <testcase name="test032" classname="listas.RegressionTest1" time="0"/>
  <testcase name="test032" classname="listas.RegressionTest2" time="0"/>
  <testcase name="test032" classname="listas.RegressionTest3" time="0"/>
  <testcase name="test032" classname="listas.RegressionTest4" time="0"/>
  <testcase name="test032" classname="listas.RegressionTest5" time="0"/>
  <testcase name="test032" classname="listas.RegressionTest6" time="0"/>
  <testcase name="test032" classname="listas.RegressionTest7" time="0"/>
  <testcase name="test032" classname="listas.RegressionTest8" time="0"/>
  <testcase name="test032" classname="listas.RegressionTest9" time="0"/>
  <testcase name="test032" classname="listas.RegressionTest10" time="0"/>
  <testcase name="test033" classname="listas.RegressionTest0" time="0"/>
  <testcase name="test033" classname="listas.RegressionTest1" time="0"/>
  <testcase name="test033" classname="listas.RegressionTest2" time="0"/>
  <testcase name="test033" classname="listas.RegressionTest3" time="0"/>
  <testcase name="test033" classname="listas.RegressionTest4" time="0"/>
  <testcase name="test033" classname="listas.RegressionTest5" time="0"/>
  <testcase name="test033" classname="listas.RegressionTest6" time="0"/>
  <testcase name="test033" classname="listas.RegressionTest7" time="0"/>
  <testcase name="test033" classname="listas.RegressionTest8" time="0"/>
  <testcase name="test033" classname="listas.RegressionTest9" time="0"/>
  <testcase name="test033" classname="listas.RegressionTest10" time="0"/>
  <testcase name="test034" classname="listas.RegressionTest0" time="0"/>
  <testcase name="test034" classname="listas.RegressionTest1" time="0"/>
  <testcase name="test034" classname="listas.RegressionTest2" time="0"/>
  <testcase name="test034" classname="listas.RegressionTest3" time="0"/>
  <testcase name="test034" classname="listas.RegressionTest4" time="0"/>
  <testcase name="test034" classname="listas.RegressionTest5" time="0"/>
  <testcase name="test034" classname="listas.RegressionTest6" time="0"/>
  <testcase name="test034" classname="listas.RegressionTest7" time="0"/>
  <testcase name="test034" classname="listas.RegressionTest8" time="0"/>
  <testcase name="test034" classname="listas.RegressionTest9" time="0"/>
  <testcase name="test034" classname="listas.RegressionTest10" time="0"/>
  <testcase name="test035" classname="listas.RegressionTest0" time="0"/>
  <testcase name="test035" classname="listas.RegressionTest1" time="0"/>
  <testcase name="test035" classname="listas.RegressionTest2" time="0"/>
  <testcase name="test035" classname="listas.RegressionTest3" time="0"/>
  <testcase name="test035" classname="listas.RegressionTest4" time="0"/>
  <testcase name="test035" classname="listas.RegressionTest5" time="0"/>
  <testcase name="test035" classname="listas.RegressionTest6" time="0"/>
  <testcase name="test035" classname="listas.RegressionTest7" time="0"/>
  <testcase name="test035" classname="listas.RegressionTest8" time="0"/>
  <testcase name="test035" classname="listas.RegressionTest9" time="0"/>
  <testcase name="test035" classname="listas.RegressionTest10" time="0"/>
  <testcase name="test036" classname="listas.RegressionTest0" time="0"/>
  <testcase name="test036" classname="listas.RegressionTest1" time="0"/>
  <testcase name="test036" classname="listas.RegressionTest2" time="0.001"/>
  <testcase name="test036" classname="listas.RegressionTest3" time="0"/>
  <testcase name="test036" classname="listas.RegressionTest4" time="0"/>
  <testcase name="test036" classname="listas.RegressionTest5" time="0"/>
  <testcase name="test036" classname="listas.RegressionTest6" time="0"/>
  <testcase name="test036" classname="listas.RegressionTest7" time="0"/>
  <testcase name="test036" classname="listas.RegressionTest8" time="0"/>
  <testcase name="test036" classname="listas.RegressionTest9" time="0"/>
  <testcase name="test036" classname="listas.RegressionTest10" time="0"/>
  <testcase name="test037" classname="listas.RegressionTest0" time="0"/>
  <testcase name="test037" classname="listas.RegressionTest1" time="0"/>
  <testcase name="test037" classname="listas.RegressionTest2" time="0"/>
  <testcase name="test037" classname="listas.RegressionTest3" time="0"/>
  <testcase name="test037" classname="listas.RegressionTest4" time="0"/>
  <testcase name="test037" classname="listas.RegressionTest5" time="0"/>
  <testcase name="test037" classname="listas.RegressionTest6" time="0.001"/>
  <testcase name="test037" classname="listas.RegressionTest7" time="0"/>
  <testcase name="test037" classname="listas.RegressionTest8" time="0"/>
  <testcase name="test037" classname="listas.RegressionTest9" time="0"/>
  <testcase name="test037" classname="listas.RegressionTest10" time="0"/>
  <testcase name="test038" classname="listas.RegressionTest0" time="0"/>
  <testcase name="test038" classname="listas.RegressionTest1" time="0"/>
  <testcase name="test038" classname="listas.RegressionTest2" time="0"/>
  <testcase name="test038" classname="listas.RegressionTest3" time="0"/>
  <testcase name="test038" classname="listas.RegressionTest4" time="0"/>
  <testcase name="test038" classname="listas.RegressionTest5" time="0"/>
  <testcase name="test038" classname="listas.RegressionTest6" time="0"/>
  <testcase name="test038" classname="listas.RegressionTest7" time="0"/>
  <testcase name="test038" classname="listas.RegressionTest8" time="0"/>
  <testcase name="test038" classname="listas.RegressionTest9" time="0"/>
  <testcase name="test038" classname="listas.RegressionTest10" time="0"/>
  <testcase name="test039" classname="listas.RegressionTest0" time="0"/>
  <testcase name="test039" classname="listas.RegressionTest1" time="0"/>
  <testcase name="test039" classname="listas.RegressionTest2" time="0"/>
  <testcase name="test039" classname="listas.RegressionTest3" time="0.001"/>
  <testcase name="test039" classname="listas.RegressionTest4" time="0"/>
  <testcase name="test039" classname="listas.RegressionTest5" time="0"/>
  <testcase name="test039" classname="listas.RegressionTest6" time="0"/>
  <testcase name="test039" classname="listas.RegressionTest7" time="0"/>
  <testcase name="test039" classname="listas.RegressionTest8" time="0"/>
  <testcase name="test039" classname="listas.RegressionTest9" time="0"/>
  <testcase name="test039" classname="listas.RegressionTest10" time="0"/>
  <testcase name="test040" classname="listas.RegressionTest0" time="0"/>
  <testcase name="test040" classname="listas.RegressionTest1" time="0"/>
  <testcase name="test040" classname="listas.RegressionTest2" time="0"/>
  <testcase name="test040" classname="listas.RegressionTest3" time="0"/>
  <testcase name="test040" classname="listas.RegressionTest4" time="0"/>
  <testcase name="test040" classname="listas.RegressionTest5" time="0"/>
  <testcase name="test040" classname="listas.RegressionTest6" time="0"/>
  <testcase name="test040" classname="listas.RegressionTest7" time="0"/>
  <testcase name="test040" classname="listas.RegressionTest8" time="0"/>
  <testcase name="test040" classname="listas.RegressionTest9" time="0"/>
  <testcase name="test040" classname="listas.RegressionTest10" time="0"/>
  <testcase name="test041" classname="listas.RegressionTest0" time="0"/>
  <testcase name="test041" classname="listas.RegressionTest1" time="0"/>
  <testcase name="test041" classname="listas.RegressionTest2" time="0"/>
  <testcase name="test041" classname="listas.RegressionTest3" time="0"/>
  <testcase name="test041" classname="listas.RegressionTest4" time="0"/>
  <testcase name="test041" classname="listas.RegressionTest5" time="0"/>
  <testcase name="test041" classname="listas.RegressionTest6" time="0"/>
  <testcase name="test041" classname="listas.RegressionTest7" time="0"/>
  <testcase name="test041" classname="listas.RegressionTest8" time="0"/>
  <testcase name="test041" classname="listas.RegressionTest9" time="0"/>
  <testcase name="test041" classname="listas.RegressionTest10" time="0"/>
  <testcase name="test042" classname="listas.RegressionTest0" time="0.001"/>
  <testcase name="test042" classname="listas.RegressionTest1" time="0"/>
  <testcase name="test042" classname="listas.RegressionTest2" time="0"/>
  <testcase name="test042" classname="listas.RegressionTest3" time="0"/>
  <testcase name="test042" classname="listas.RegressionTest4" time="0"/>
  <testcase name="test042" classname="listas.RegressionTest5" time="0"/>
  <testcase name="test042" classname="listas.RegressionTest6" time="0"/>
  <testcase name="test042" classname="listas.RegressionTest7" time="0"/>
  <testcase name="test042" classname="listas.RegressionTest8" time="0"/>
  <testcase name="test042" classname="listas.RegressionTest9" time="0"/>
  <testcase name="test042" classname="listas.RegressionTest10" time="0"/>
  <testcase name="test043" classname="listas.RegressionTest0" time="0"/>
  <testcase name="test043" classname="listas.RegressionTest1" time="0"/>
  <testcase name="test043" classname="listas.RegressionTest2" time="0"/>
  <testcase name="test043" classname="listas.RegressionTest3" time="0"/>
  <testcase name="test043" classname="listas.RegressionTest4" time="0"/>
  <testcase name="test043" classname="listas.RegressionTest5" time="0"/>
  <testcase name="test043" classname="listas.RegressionTest6" time="0"/>
  <testcase name="test043" classname="listas.RegressionTest7" time="0"/>
  <testcase name="test043" classname="listas.RegressionTest8" time="0"/>
  <testcase name="test043" classname="listas.RegressionTest9" time="0"/>
  <testcase name="test043" classname="listas.RegressionTest10" time="0"/>
  <testcase name="test044" classname="listas.RegressionTest0" time="0"/>
  <testcase name="test044" classname="listas.RegressionTest1" time="0"/>
  <testcase name="test044" classname="listas.RegressionTest2" time="0"/>
  <testcase name="test044" classname="listas.RegressionTest3" time="0"/>
  <testcase name="test044" classname="listas.RegressionTest4" time="0"/>
  <testcase name="test044" classname="listas.RegressionTest5" time="0"/>
  <testcase name="test044" classname="listas.RegressionTest6" time="0"/>
  <testcase name="test044" classname="listas.RegressionTest7" time="0"/>
  <testcase name="test044" classname="listas.RegressionTest8" time="0"/>
  <testcase name="test044" classname="listas.RegressionTest9" time="0"/>
  <testcase name="test044" classname="listas.RegressionTest10" time="0"/>
  <testcase name="test045" classname="listas.RegressionTest0" time="0"/>
  <testcase name="test045" classname="listas.RegressionTest1" time="0.001"/>
  <testcase name="test045" classname="listas.RegressionTest2" time="0"/>
  <testcase name="test045" classname="listas.RegressionTest3" time="0"/>
  <testcase name="test045" classname="listas.RegressionTest4" time="0"/>
  <testcase name="test045" classname="listas.RegressionTest5" time="0"/>
  <testcase name="test045" classname="listas.RegressionTest6" time="0"/>
  <testcase name="test045" classname="listas.RegressionTest7" time="0"/>
  <testcase name="test045" classname="listas.RegressionTest8" time="0"/>
  <testcase name="test045" classname="listas.RegressionTest9" time="0"/>
  <testcase name="test045" classname="listas.RegressionTest10" time="0"/>
  <testcase name="test046" classname="listas.RegressionTest0" time="0.001"/>
  <testcase name="test046" classname="listas.RegressionTest1" time="0"/>
  <testcase name="test046" classname="listas.RegressionTest2" time="0"/>
  <testcase name="test046" classname="listas.RegressionTest3" time="0"/>
  <testcase name="test046" classname="listas.RegressionTest4" time="0"/>
  <testcase name="test046" classname="listas.RegressionTest5" time="0"/>
  <testcase name="test046" classname="listas.RegressionTest6" time="0"/>
  <testcase name="test046" classname="listas.RegressionTest7" time="0"/>
  <testcase name="test046" classname="listas.RegressionTest8" time="0"/>
  <testcase name="test046" classname="listas.RegressionTest9" time="0"/>
  <testcase name="test046" classname="listas.RegressionTest10" time="0"/>
  <testcase name="test047" classname="listas.RegressionTest0" time="0"/>
  <testcase name="test047" classname="listas.RegressionTest1" time="0"/>
  <testcase name="test047" classname="listas.RegressionTest2" time="0"/>
  <testcase name="test047" classname="listas.RegressionTest3" time="0"/>
  <testcase name="test047" classname="listas.RegressionTest4" time="0"/>
  <testcase name="test047" classname="listas.RegressionTest5" time="0"/>
  <testcase name="test047" classname="listas.RegressionTest6" time="0"/>
  <testcase name="test047" classname="listas.RegressionTest7" time="0"/>
  <testcase name="test047" classname="listas.RegressionTest8" time="0"/>
  <testcase name="test047" classname="listas.RegressionTest9" time="0"/>
  <testcase name="test047" classname="listas.RegressionTest10" time="0"/>
  <testcase name="test048" classname="listas.RegressionTest0" time="0"/>
  <testcase name="test048" classname="listas.RegressionTest1" time="0"/>
  <testcase name="test048" classname="listas.RegressionTest2" time="0"/>
  <testcase name="test048" classname="listas.RegressionTest3" time="0"/>
  <testcase name="test048" classname="listas.RegressionTest4" time="0"/>
  <testcase name="test048" classname="listas.RegressionTest5" time="0"/>
  <testcase name="test048" classname="listas.RegressionTest6" time="0"/>
  <testcase name="test048" classname="listas.RegressionTest7" time="0"/>
  <testcase name="test048" classname="listas.RegressionTest8" time="0"/>
  <testcase name="test048" classname="listas.RegressionTest9" time="0"/>
  <testcase name="test048" classname="listas.RegressionTest10" time="0"/>
  <testcase name="test049" classname="listas.RegressionTest0" time="0"/>
  <testcase name="test049" classname="listas.RegressionTest1" time="0"/>
  <testcase name="test049" classname="listas.RegressionTest2" time="0"/>
  <testcase name="test049" classname="listas.RegressionTest3" time="0"/>
  <testcase name="test049" classname="listas.RegressionTest4" time="0"/>
  <testcase name="test049" classname="listas.RegressionTest5" time="0"/>
  <testcase name="test049" classname="listas.RegressionTest6" time="0"/>
  <testcase name="test049" classname="listas.RegressionTest7" time="0"/>
  <testcase name="test049" classname="listas.RegressionTest8" time="0"/>
  <testcase name="test049" classname="listas.RegressionTest9" time="0"/>
  <testcase name="test049" classname="listas.RegressionTest10" time="0"/>
  <testcase name="test050" classname="listas.RegressionTest0" time="0"/>
  <testcase name="test050" classname="listas.RegressionTest1" time="0"/>
  <testcase name="test050" classname="listas.RegressionTest2" time="0"/>
  <testcase name="test050" classname="listas.RegressionTest3" time="0"/>
  <testcase name="test050" classname="listas.RegressionTest4" time="0"/>
  <testcase name="test050" classname="listas.RegressionTest5" time="0"/>
  <testcase name="test050" classname="listas.RegressionTest6" time="0"/>
  <testcase name="test050" classname="listas.RegressionTest7" time="0"/>
  <testcase name="test050" classname="listas.RegressionTest8" time="0.001"/>
  <testcase name="test050" classname="listas.RegressionTest9" time="0"/>
  <testcase name="test050" classname="listas.RegressionTest10" time="0"/>
  <testcase name="test051" classname="listas.RegressionTest0" time="0"/>
  <testcase name="test051" classname="listas.RegressionTest1" time="0"/>
  <testcase name="test051" classname="listas.RegressionTest2" time="0"/>
  <testcase name="test051" classname="listas.RegressionTest3" time="0"/>
  <testcase name="test051" classname="listas.RegressionTest4" time="0"/>
  <testcase name="test051" classname="listas.RegressionTest5" time="0"/>
  <testcase name="test051" classname="listas.RegressionTest6" time="0"/>
  <testcase name="test051" classname="listas.RegressionTest7" time="0"/>
  <testcase name="test051" classname="listas.RegressionTest8" time="0"/>
  <testcase name="test051" classname="listas.RegressionTest9" time="0"/>
  <testcase name="test051" classname="listas.RegressionTest10" time="0"/>
  <testcase name="test052" classname="listas.RegressionTest0" time="0"/>
  <testcase name="test052" classname="listas.RegressionTest1" time="0"/>
  <testcase name="test052" classname="listas.RegressionTest2" time="0"/>
  <testcase name="test052" classname="listas.RegressionTest3" time="0"/>
  <testcase name="test052" classname="listas.RegressionTest4" time="0"/>
  <testcase name="test052" classname="listas.RegressionTest5" time="0"/>
  <testcase name="test052" classname="listas.RegressionTest6" time="0"/>
  <testcase name="test052" classname="listas.RegressionTest7" time="0"/>
  <testcase name="test052" classname="listas.RegressionTest8" time="0"/>
  <testcase name="test052" classname="listas.RegressionTest9" time="0"/>
  <testcase name="test052" classname="listas.RegressionTest10" time="0"/>
  <testcase name="test053" classname="listas.RegressionTest0" time="0"/>
  <testcase name="test053" classname="listas.RegressionTest1" time="0"/>
  <testcase name="test053" classname="listas.RegressionTest2" time="0"/>
  <testcase name="test053" classname="listas.RegressionTest3" time="0"/>
  <testcase name="test053" classname="listas.RegressionTest4" time="0"/>
  <testcase name="test053" classname="listas.RegressionTest5" time="0"/>
  <testcase name="test053" classname="listas.RegressionTest6" time="0"/>
  <testcase name="test053" classname="listas.RegressionTest7" time="0"/>
  <testcase name="test053" classname="listas.RegressionTest8" time="0"/>
  <testcase name="test053" classname="listas.RegressionTest9" time="0"/>
  <testcase name="test053" classname="listas.RegressionTest10" time="0"/>
  <testcase name="test054" classname="listas.RegressionTest0" time="0"/>
  <testcase name="test054" classname="listas.RegressionTest1" time="0"/>
  <testcase name="test054" classname="listas.RegressionTest2" time="0"/>
  <testcase name="test054" classname="listas.RegressionTest3" time="0"/>
  <testcase name="test054" classname="listas.RegressionTest4" time="0"/>
  <testcase name="test054" classname="listas.RegressionTest5" time="0"/>
  <testcase name="test054" classname="listas.RegressionTest6" time="0"/>
  <testcase name="test054" classname="listas.RegressionTest7" time="0"/>
  <testcase name="test054" classname="listas.RegressionTest8" time="0"/>
  <testcase name="test054" classname="listas.RegressionTest9" time="0"/>
  <testcase name="test054" classname="listas.RegressionTest10" time="0"/>
  <testcase name="test055" classname="listas.RegressionTest0" time="0"/>
  <testcase name="test055" classname="listas.RegressionTest1" time="0.001"/>
  <testcase name="test055" classname="listas.RegressionTest2" time="0"/>
  <testcase name="test055" classname="listas.RegressionTest3" time="0"/>
  <testcase name="test055" classname="listas.RegressionTest4" time="0"/>
  <testcase name="test055" classname="listas.RegressionTest5" time="0"/>
  <testcase name="test055" classname="listas.RegressionTest6" time="0"/>
  <testcase name="test055" classname="listas.RegressionTest7" time="0"/>
  <testcase name="test055" classname="listas.RegressionTest8" time="0"/>
  <testcase name="test055" classname="listas.RegressionTest9" time="0"/>
  <testcase name="test055" classname="listas.RegressionTest10" time="0"/>
  <testcase name="test056" classname="listas.RegressionTest0" time="0"/>
  <testcase name="test056" classname="listas.RegressionTest1" time="0"/>
  <testcase name="test056" classname="listas.RegressionTest2" time="0"/>
  <testcase name="test056" classname="listas.RegressionTest3" time="0"/>
  <testcase name="test056" classname="listas.RegressionTest4" time="0"/>
  <testcase name="test056" classname="listas.RegressionTest5" time="0"/>
  <testcase name="test056" classname="listas.RegressionTest6" time="0"/>
  <testcase name="test056" classname="listas.RegressionTest7" time="0"/>
  <testcase name="test056" classname="listas.RegressionTest8" time="0"/>
  <testcase name="test056" classname="listas.RegressionTest9" time="0"/>
  <testcase name="test056" classname="listas.RegressionTest10" time="0"/>
  <testcase name="test057" classname="listas.RegressionTest0" time="0"/>
  <testcase name="test057" classname="listas.RegressionTest1" time="0"/>
  <testcase name="test057" classname="listas.RegressionTest2" time="0"/>
  <testcase name="test057" classname="listas.RegressionTest3" time="0"/>
  <testcase name="test057" classname="listas.RegressionTest4" time="0"/>
  <testcase name="test057" classname="listas.RegressionTest5" time="0"/>
  <testcase name="test057" classname="listas.RegressionTest6" time="0"/>
  <testcase name="test057" classname="listas.RegressionTest7" time="0"/>
  <testcase name="test057" classname="listas.RegressionTest8" time="0"/>
  <testcase name="test057" classname="listas.RegressionTest9" time="0"/>
  <testcase name="test057" classname="listas.RegressionTest10" time="0"/>
  <testcase name="test058" classname="listas.RegressionTest0" time="0"/>
  <testcase name="test058" classname="listas.RegressionTest1" time="0"/>
  <testcase name="test058" classname="listas.RegressionTest2" time="0"/>
  <testcase name="test058" classname="listas.RegressionTest3" time="0"/>
  <testcase name="test058" classname="listas.RegressionTest4" time="0"/>
  <testcase name="test058" classname="listas.RegressionTest5" time="0"/>
  <testcase name="test058" classname="listas.RegressionTest6" time="0"/>
  <testcase name="test058" classname="listas.RegressionTest7" time="0"/>
  <testcase name="test058" classname="listas.RegressionTest8" time="0"/>
  <testcase name="test058" classname="listas.RegressionTest9" time="0"/>
  <testcase name="test058" classname="listas.RegressionTest10" time="0"/>
  <testcase name="test059" classname="listas.RegressionTest0" time="0.001"/>
  <testcase name="test059" classname="listas.RegressionTest1" time="0"/>
  <testcase name="test059" classname="listas.RegressionTest2" time="0"/>
  <testcase name="test059" classname="listas.RegressionTest3" time="0"/>
  <testcase name="test059" classname="listas.RegressionTest4" time="0"/>
  <testcase name="test059" classname="listas.RegressionTest5" time="0"/>
  <testcase name="test059" classname="listas.RegressionTest6" time="0"/>
  <testcase name="test059" classname="listas.RegressionTest7" time="0"/>
  <testcase name="test059" classname="listas.RegressionTest8" time="0"/>
  <testcase name="test059" classname="listas.RegressionTest9" time="0"/>
  <testcase name="test059" classname="listas.RegressionTest10" time="0"/>
  <testcase name="test060" classname="listas.RegressionTest0" time="0"/>
  <testcase name="test060" classname="listas.RegressionTest1" time="0"/>
  <testcase name="test060" classname="listas.RegressionTest2" time="0"/>
  <testcase name="test060" classname="listas.RegressionTest3" time="0"/>
  <testcase name="test060" classname="listas.RegressionTest4" time="0"/>
  <testcase name="test060" classname="listas.RegressionTest5" time="0"/>
  <testcase name="test060" classname="listas.RegressionTest6" time="0"/>
  <testcase name="test060" classname="listas.RegressionTest7" time="0"/>
  <testcase name="test060" classname="listas.RegressionTest8" time="0"/>
  <testcase name="test060" classname="listas.RegressionTest9" time="0"/>
  <testcase name="test060" classname="listas.RegressionTest10" time="0"/>
  <testcase name="test061" classname="listas.RegressionTest0" time="0"/>
  <testcase name="test061" classname="listas.RegressionTest1" time="0"/>
  <testcase name="test061" classname="listas.RegressionTest2" time="0"/>
  <testcase name="test061" classname="listas.RegressionTest3" time="0"/>
  <testcase name="test061" classname="listas.RegressionTest4" time="0"/>
  <testcase name="test061" classname="listas.RegressionTest5" time="0"/>
  <testcase name="test061" classname="listas.RegressionTest6" time="0"/>
  <testcase name="test061" classname="listas.RegressionTest7" time="0"/>
  <testcase name="test061" classname="listas.RegressionTest8" time="0"/>
  <testcase name="test061" classname="listas.RegressionTest9" time="0"/>
  <testcase name="test061" classname="listas.RegressionTest10" time="0"/>
  <testcase name="test062" classname="listas.RegressionTest0" time="0"/>
  <testcase name="test062" classname="listas.RegressionTest1" time="0"/>
  <testcase name="test062" classname="listas.RegressionTest2" time="0"/>
  <testcase name="test062" classname="listas.RegressionTest3" time="0"/>
  <testcase name="test062" classname="listas.RegressionTest4" time="0"/>
  <testcase name="test062" classname="listas.RegressionTest5" time="0"/>
  <testcase name="test062" classname="listas.RegressionTest6" time="0"/>
  <testcase name="test062" classname="listas.RegressionTest7" time="0"/>
  <testcase name="test062" classname="listas.RegressionTest8" time="0"/>
  <testcase name="test062" classname="listas.RegressionTest9" time="0"/>
  <testcase name="test062" classname="listas.RegressionTest10" time="0"/>
  <testcase name="test063" classname="listas.RegressionTest0" time="0"/>
  <testcase name="test063" classname="listas.RegressionTest1" time="0"/>
  <testcase name="test063" classname="listas.RegressionTest2" time="0"/>
  <testcase name="test063" classname="listas.RegressionTest3" time="0"/>
  <testcase name="test063" classname="listas.RegressionTest4" time="0"/>
  <testcase name="test063" classname="listas.RegressionTest5" time="0"/>
  <testcase name="test063" classname="listas.RegressionTest6" time="0"/>
  <testcase name="test063" classname="listas.RegressionTest7" time="0"/>
  <testcase name="test063" classname="listas.RegressionTest8" time="0"/>
  <testcase name="test063" classname="listas.RegressionTest9" time="0"/>
  <testcase name="test063" classname="listas.RegressionTest10" time="0"/>
  <testcase name="test064" classname="listas.RegressionTest0" time="0"/>
  <testcase name="test064" classname="listas.RegressionTest1" time="0"/>
  <testcase name="test064" classname="listas.RegressionTest2" time="0"/>
  <testcase name="test064" classname="listas.RegressionTest3" time="0"/>
  <testcase name="test064" classname="listas.RegressionTest4" time="0"/>
  <testcase name="test064" classname="listas.RegressionTest5" time="0"/>
  <testcase name="test064" classname="listas.RegressionTest6" time="0"/>
  <testcase name="test064" classname="listas.RegressionTest7" time="0"/>
  <testcase name="test064" classname="listas.RegressionTest8" time="0"/>
  <testcase name="test064" classname="listas.RegressionTest9" time="0"/>
  <testcase name="test064" classname="listas.RegressionTest10" time="0.001"/>
  <testcase name="test065" classname="listas.RegressionTest0" time="0"/>
  <testcase name="test065" classname="listas.RegressionTest1" time="0"/>
  <testcase name="test065" classname="listas.RegressionTest2" time="0"/>
  <testcase name="test065" classname="listas.RegressionTest3" time="0"/>
  <testcase name="test065" classname="listas.RegressionTest4" time="0"/>
  <testcase name="test065" classname="listas.RegressionTest5" time="0.001"/>
  <testcase name="test065" classname="listas.RegressionTest6" time="0.005"/>
  <testcase name="test065" classname="listas.RegressionTest7" time="0"/>
  <testcase name="test065" classname="listas.RegressionTest8" time="0"/>
  <testcase name="test065" classname="listas.RegressionTest9" time="0"/>
  <testcase name="test065" classname="listas.RegressionTest10" time="0"/>
  <testcase name="test066" classname="listas.RegressionTest0" time="0"/>
  <testcase name="test066" classname="listas.RegressionTest1" time="0"/>
  <testcase name="test066" classname="listas.RegressionTest2" time="0"/>
  <testcase name="test066" classname="listas.RegressionTest3" time="0"/>
  <testcase name="test066" classname="listas.RegressionTest4" time="0"/>
  <testcase name="test066" classname="listas.RegressionTest5" time="0"/>
  <testcase name="test066" classname="listas.RegressionTest6" time="0"/>
  <testcase name="test066" classname="listas.RegressionTest7" time="0"/>
  <testcase name="test066" classname="listas.RegressionTest8" time="0.001"/>
  <testcase name="test066" classname="listas.RegressionTest9" time="0"/>
  <testcase name="test066" classname="listas.RegressionTest10" time="0"/>
  <testcase name="test067" classname="listas.RegressionTest0" time="0"/>
  <testcase name="test067" classname="listas.RegressionTest1" time="0"/>
  <testcase name="test067" classname="listas.RegressionTest2" time="0"/>
  <testcase name="test067" classname="listas.RegressionTest3" time="0"/>
  <testcase name="test067" classname="listas.RegressionTest4" time="0"/>
  <testcase name="test067" classname="listas.RegressionTest5" time="0"/>
  <testcase name="test067" classname="listas.RegressionTest6" time="0"/>
  <testcase name="test067" classname="listas.RegressionTest7" time="0"/>
  <testcase name="test067" classname="listas.RegressionTest8" time="0"/>
  <testcase name="test067" classname="listas.RegressionTest9" time="0"/>
  <testcase name="test067" classname="listas.RegressionTest10" time="0"/>
  <testcase name="test068" classname="listas.RegressionTest0" time="0"/>
  <testcase name="test068" classname="listas.RegressionTest1" time="0"/>
  <testcase name="test068" classname="listas.RegressionTest2" time="0"/>
  <testcase name="test068" classname="listas.RegressionTest3" time="0.001"/>
  <testcase name="test068" classname="listas.RegressionTest4" time="0"/>
  <testcase name="test068" classname="listas.RegressionTest5" time="0"/>
  <testcase name="test068" classname="listas.RegressionTest6" time="0"/>
  <testcase name="test068" classname="listas.RegressionTest7" time="0"/>
  <testcase name="test068" classname="listas.RegressionTest8" time="0"/>
  <testcase name="test068" classname="listas.RegressionTest9" time="0"/>
  <testcase name="test068" classname="listas.RegressionTest10" time="0"/>
  <testcase name="test069" classname="listas.RegressionTest0" time="0"/>
  <testcase name="test069" classname="listas.RegressionTest1" time="0"/>
  <testcase name="test069" classname="listas.RegressionTest2" time="0"/>
  <testcase name="test069" classname="listas.RegressionTest3" time="0"/>
  <testcase name="test069" classname="listas.RegressionTest4" time="0"/>
  <testcase name="test069" classname="listas.RegressionTest5" time="0"/>
  <testcase name="test069" classname="listas.RegressionTest6" time="0"/>
  <testcase name="test069" classname="listas.RegressionTest7" time="0"/>
  <testcase name="test069" classname="listas.RegressionTest8" time="0"/>
  <testcase name="test069" classname="listas.RegressionTest9" time="0"/>
  <testcase name="test069" classname="listas.RegressionTest10" time="0"/>
  <testcase name="test070" classname="listas.RegressionTest0" time="0"/>
  <testcase name="test070" classname="listas.RegressionTest1" time="0"/>
  <testcase name="test070" classname="listas.RegressionTest2" time="0"/>
  <testcase name="test070" classname="listas.RegressionTest3" time="0"/>
  <testcase name="test070" classname="listas.RegressionTest4" time="0"/>
  <testcase name="test070" classname="listas.RegressionTest5" time="0"/>
  <testcase name="test070" classname="listas.RegressionTest6" time="0"/>
  <testcase name="test070" classname="listas.RegressionTest7" time="0"/>
  <testcase name="test070" classname="listas.RegressionTest8" time="0"/>
  <testcase name="test070" classname="listas.RegressionTest9" time="0"/>
  <testcase name="test070" classname="listas.RegressionTest10" time="0"/>
  <testcase name="test071" classname="listas.RegressionTest0" time="0"/>
  <testcase name="test071" classname="listas.RegressionTest1" time="0"/>
  <testcase name="test071" classname="listas.RegressionTest2" time="0"/>
  <testcase name="test071" classname="listas.RegressionTest3" time="0"/>
  <testcase name="test071" classname="listas.RegressionTest4" time="0"/>
  <testcase name="test071" classname="listas.RegressionTest5" time="0"/>
  <testcase name="test071" classname="listas.RegressionTest6" time="0"/>
  <testcase name="test071" classname="listas.RegressionTest7" time="0"/>
  <testcase name="test071" classname="listas.RegressionTest8" time="0"/>
  <testcase name="test071" classname="listas.RegressionTest9" time="0"/>
  <testcase name="test071" classname="listas.RegressionTest10" time="0"/>
  <testcase name="test072" classname="listas.RegressionTest0" time="0"/>
  <testcase name="test072" classname="listas.RegressionTest1" time="0"/>
  <testcase name="test072" classname="listas.RegressionTest2" time="0"/>
  <testcase name="test072" classname="listas.RegressionTest3" time="0"/>
  <testcase name="test072" classname="listas.RegressionTest4" time="0"/>
  <testcase name="test072" classname="listas.RegressionTest5" time="0"/>
  <testcase name="test072" classname="listas.RegressionTest6" time="0"/>
  <testcase name="test072" classname="listas.RegressionTest7" time="0"/>
  <testcase name="test072" classname="listas.RegressionTest8" time="0"/>
  <testcase name="test072" classname="listas.RegressionTest9" time="0"/>
  <testcase name="test072" classname="listas.RegressionTest10" time="0"/>
  <testcase name="test073" classname="listas.RegressionTest0" time="0"/>
  <testcase name="test073" classname="listas.RegressionTest1" time="0"/>
  <testcase name="test073" classname="listas.RegressionTest2" time="0"/>
  <testcase name="test073" classname="listas.RegressionTest3" time="0"/>
  <testcase name="test073" classname="listas.RegressionTest4" time="0"/>
  <testcase name="test073" classname="listas.RegressionTest5" time="0"/>
  <testcase name="test073" classname="listas.RegressionTest6" time="0"/>
  <testcase name="test073" classname="listas.RegressionTest7" time="0"/>
  <testcase name="test073" classname="listas.RegressionTest8" time="0"/>
  <testcase name="test073" classname="listas.RegressionTest9" time="0"/>
  <testcase name="test073" classname="listas.RegressionTest10" time="0"/>
  <testcase name="test074" classname="listas.RegressionTest0" time="0"/>
  <testcase name="test074" classname="listas.RegressionTest1" time="0"/>
  <testcase name="test074" classname="listas.RegressionTest2" time="0"/>
  <testcase name="test074" classname="listas.RegressionTest3" time="0"/>
  <testcase name="test074" classname="listas.RegressionTest4" time="0"/>
  <testcase name="test074" classname="listas.RegressionTest5" time="0"/>
  <testcase name="test074" classname="listas.RegressionTest6" time="0"/>
  <testcase name="test074" classname="listas.RegressionTest7" time="0"/>
  <testcase name="test074" classname="listas.RegressionTest8" time="0"/>
  <testcase name="test074" classname="listas.RegressionTest9" time="0"/>
  <testcase name="test074" classname="listas.RegressionTest10" time="0"/>
  <testcase name="test075" classname="listas.RegressionTest0" time="0"/>
  <testcase name="test075" classname="listas.RegressionTest1" time="0"/>
  <testcase name="test075" classname="listas.RegressionTest2" time="0"/>
  <testcase name="test075" classname="listas.RegressionTest3" time="0"/>
  <testcase name="test075" classname="listas.RegressionTest4" time="0"/>
  <testcase name="test075" classname="listas.RegressionTest5" time="0"/>
  <testcase name="test075" classname="listas.RegressionTest6" time="0"/>
  <testcase name="test075" classname="listas.RegressionTest7" time="0"/>
  <testcase name="test075" classname="listas.RegressionTest8" time="0"/>
  <testcase name="test075" classname="listas.RegressionTest9" time="0"/>
  <testcase name="test075" classname="listas.RegressionTest10" time="0"/>
  <testcase name="test076" classname="listas.RegressionTest0" time="0"/>
  <testcase name="test076" classname="listas.RegressionTest1" time="0"/>
  <testcase name="test076" classname="listas.RegressionTest2" time="0"/>
  <testcase name="test076" classname="listas.RegressionTest3" time="0"/>
  <testcase name="test076" classname="listas.RegressionTest4" time="0"/>
  <testcase name="test076" classname="listas.RegressionTest5" time="0"/>
  <testcase name="test076" classname="listas.RegressionTest6" time="0"/>
  <testcase name="test076" classname="listas.RegressionTest7" time="0"/>
  <testcase name="test076" classname="listas.RegressionTest8" time="0"/>
  <testcase name="test076" classname="listas.RegressionTest9" time="0"/>
  <testcase name="test076" classname="listas.RegressionTest10" time="0"/>
  <testcase name="test077" classname="listas.RegressionTest0" time="0"/>
  <testcase name="test077" classname="listas.RegressionTest1" time="0"/>
  <testcase name="test077" classname="listas.RegressionTest2" time="0"/>
  <testcase name="test077" classname="listas.RegressionTest3" time="0"/>
  <testcase name="test077" classname="listas.RegressionTest4" time="0"/>
  <testcase name="test077" classname="listas.RegressionTest5" time="0"/>
  <testcase name="test077" classname="listas.RegressionTest6" time="0"/>
  <testcase name="test077" classname="listas.RegressionTest7" time="0"/>
  <testcase name="test077" classname="listas.RegressionTest8" time="0"/>
  <testcase name="test077" classname="listas.RegressionTest9" time="0"/>
  <testcase name="test077" classname="listas.RegressionTest10" time="0"/>
  <testcase name="test078" classname="listas.RegressionTest0" time="0"/>
  <testcase name="test078" classname="listas.RegressionTest1" time="0"/>
  <testcase name="test078" classname="listas.RegressionTest2" time="0"/>
  <testcase name="test078" classname="listas.RegressionTest3" time="0"/>
  <testcase name="test078" classname="listas.RegressionTest4" time="0"/>
  <testcase name="test078" classname="listas.RegressionTest5" time="0"/>
  <testcase name="test078" classname="listas.RegressionTest6" time="0"/>
  <testcase name="test078" classname="listas.RegressionTest7" time="0"/>
  <testcase name="test078" classname="listas.RegressionTest8" time="0"/>
  <testcase name="test078" classname="listas.RegressionTest9" time="0"/>
  <testcase name="test078" classname="listas.RegressionTest10" time="0"/>
  <testcase name="test079" classname="listas.RegressionTest0" time="0.001"/>
  <testcase name="test079" classname="listas.RegressionTest1" time="0"/>
  <testcase name="test079" classname="listas.RegressionTest2" time="0"/>
  <testcase name="test079" classname="listas.RegressionTest3" time="0"/>
  <testcase name="test079" classname="listas.RegressionTest4" time="0"/>
  <testcase name="test079" classname="listas.RegressionTest5" time="0"/>
  <testcase name="test079" classname="listas.RegressionTest6" time="0"/>
  <testcase name="test079" classname="listas.RegressionTest7" time="0"/>
  <testcase name="test079" classname="listas.RegressionTest8" time="0"/>
  <testcase name="test079" classname="listas.RegressionTest9" time="0"/>
  <testcase name="test079" classname="listas.RegressionTest10" time="0"/>
  <testcase name="test080" classname="listas.RegressionTest0" time="0"/>
  <testcase name="test080" classname="listas.RegressionTest1" time="0"/>
  <testcase name="test080" classname="listas.RegressionTest2" time="0"/>
  <testcase name="test080" classname="listas.RegressionTest3" time="0"/>
  <testcase name="test080" classname="listas.RegressionTest4" time="0"/>
  <testcase name="test080" classname="listas.RegressionTest5" time="0"/>
  <testcase name="test080" classname="listas.RegressionTest6" time="0"/>
  <testcase name="test080" classname="listas.RegressionTest7" time="0"/>
  <testcase name="test080" classname="listas.RegressionTest8" time="0"/>
  <testcase name="test080" classname="listas.RegressionTest9" time="0"/>
  <testcase name="test080" classname="listas.RegressionTest10" time="0"/>
  <testcase name="test081" classname="listas.RegressionTest0" time="0"/>
  <testcase name="test081" classname="listas.RegressionTest1" time="0"/>
  <testcase name="test081" classname="listas.RegressionTest2" time="0"/>
  <testcase name="test081" classname="listas.RegressionTest3" time="0"/>
  <testcase name="test081" classname="listas.RegressionTest4" time="0"/>
  <testcase name="test081" classname="listas.RegressionTest5" time="0"/>
  <testcase name="test081" classname="listas.RegressionTest6" time="0"/>
  <testcase name="test081" classname="listas.RegressionTest7" time="0"/>
  <testcase name="test081" classname="listas.RegressionTest8" time="0"/>
  <testcase name="test081" classname="listas.RegressionTest9" time="0"/>
  <testcase name="test081" classname="listas.RegressionTest10" time="0"/>
  <testcase name="test082" classname="listas.RegressionTest0" time="0"/>
  <testcase name="test082" classname="listas.RegressionTest1" time="0.001"/>
  <testcase name="test082" classname="listas.RegressionTest2" time="0"/>
  <testcase name="test082" classname="listas.RegressionTest3" time="0"/>
  <testcase name="test082" classname="listas.RegressionTest4" time="0"/>
  <testcase name="test082" classname="listas.RegressionTest5" time="0"/>
  <testcase name="test082" classname="listas.RegressionTest6" time="0"/>
  <testcase name="test082" classname="listas.RegressionTest7" time="0"/>
  <testcase name="test082" classname="listas.RegressionTest8" time="0"/>
  <testcase name="test082" classname="listas.RegressionTest9" time="0"/>
  <testcase name="test082" classname="listas.RegressionTest10" time="0"/>
  <testcase name="test083" classname="listas.RegressionTest0" time="0"/>
  <testcase name="test083" classname="listas.RegressionTest1" time="0"/>
  <testcase name="test083" classname="listas.RegressionTest2" time="0"/>
  <testcase name="test083" classname="listas.RegressionTest3" time="0"/>
  <testcase name="test083" classname="listas.RegressionTest4" time="0"/>
  <testcase name="test083" classname="listas.RegressionTest5" time="0"/>
  <testcase name="test083" classname="listas.RegressionTest6" time="0"/>
  <testcase name="test083" classname="listas.RegressionTest7" time="0"/>
  <testcase name="test083" classname="listas.RegressionTest8" time="0"/>
  <testcase name="test083" classname="listas.RegressionTest9" time="0"/>
  <testcase name="test083" classname="listas.RegressionTest10" time="0.001"/>
  <testcase name="test084" classname="listas.RegressionTest0" time="0"/>
  <testcase name="test084" classname="listas.RegressionTest1" time="0"/>
  <testcase name="test084" classname="listas.RegressionTest2" time="0"/>
  <testcase name="test084" classname="listas.RegressionTest3" time="0"/>
  <testcase name="test084" classname="listas.RegressionTest4" time="0"/>
  <testcase name="test084" classname="listas.RegressionTest5" time="0"/>
  <testcase name="test084" classname="listas.RegressionTest6" time="0"/>
  <testcase name="test084" classname="listas.RegressionTest7" time="0"/>
  <testcase name="test084" classname="listas.RegressionTest8" time="0"/>
  <testcase name="test084" classname="listas.RegressionTest9" time="0"/>
  <testcase name="test084" classname="listas.RegressionTest10" time="0"/>
  <testcase name="test085" classname="listas.RegressionTest0" time="0"/>
  <testcase name="test085" classname="listas.RegressionTest1" time="0"/>
  <testcase name="test085" classname="listas.RegressionTest2" time="0"/>
  <testcase name="test085" classname="listas.RegressionTest3" time="0"/>
  <testcase name="test085" classname="listas.RegressionTest4" time="0"/>
  <testcase name="test085" classname="listas.RegressionTest5" time="0"/>
  <testcase name="test085" classname="listas.RegressionTest6" time="0"/>
  <testcase name="test085" classname="listas.RegressionTest7" time="0"/>
  <testcase name="test085" classname="listas.RegressionTest8" time="0"/>
  <testcase name="test085" classname="listas.RegressionTest9" time="0"/>
  <testcase name="test085" classname="listas.RegressionTest10" time="0"/>
  <testcase name="test086" classname="listas.RegressionTest0" time="0"/>
  <testcase name="test086" classname="listas.RegressionTest1" time="0"/>
  <testcase name="test086" classname="listas.RegressionTest2" time="0"/>
  <testcase name="test086" classname="listas.RegressionTest3" time="0"/>
  <testcase name="test086" classname="listas.RegressionTest4" time="0"/>
  <testcase name="test086" classname="listas.RegressionTest5" time="0"/>
  <testcase name="test086" classname="listas.RegressionTest6" time="0"/>
  <testcase name="test086" classname="listas.RegressionTest7" time="0"/>
  <testcase name="test086" classname="listas.RegressionTest8" time="0"/>
  <testcase name="test086" classname="listas.RegressionTest9" time="0"/>
  <testcase name="test086" classname="listas.RegressionTest10" time="0"/>
  <testcase name="test087" classname="listas.RegressionTest0" time="0"/>
  <testcase name="test087" classname="listas.RegressionTest1" time="0"/>
  <testcase name="test087" classname="listas.RegressionTest2" time="0"/>
  <testcase name="test087" classname="listas.RegressionTest3" time="0"/>
  <testcase name="test087" classname="listas.RegressionTest4" time="0"/>
  <testcase name="test087" classname="listas.RegressionTest5" time="0"/>
  <testcase name="test087" classname="listas.RegressionTest6" time="0"/>
  <testcase name="test087" classname="listas.RegressionTest7" time="0"/>
  <testcase name="test087" classname="listas.RegressionTest8" time="0"/>
  <testcase name="test087" classname="listas.RegressionTest9" time="0"/>
  <testcase name="test087" classname="listas.RegressionTest10" time="0"/>
  <testcase name="test088" classname="listas.RegressionTest0" time="0"/>
  <testcase name="test088" classname="listas.RegressionTest1" time="0"/>
  <testcase name="test088" classname="listas.RegressionTest2" time="0"/>
  <testcase name="test088" classname="listas.RegressionTest3" time="0"/>
  <testcase name="test088" classname="listas.RegressionTest4" time="0"/>
  <testcase name="test088" classname="listas.RegressionTest5" time="0"/>
  <testcase name="test088" classname="listas.RegressionTest6" time="0"/>
  <testcase name="test088" classname="listas.RegressionTest7" time="0"/>
  <testcase name="test088" classname="listas.RegressionTest8" time="0"/>
  <testcase name="test088" classname="listas.RegressionTest9" time="0"/>
  <testcase name="test088" classname="listas.RegressionTest10" time="0"/>
  <testcase name="test089" classname="listas.RegressionTest0" time="0"/>
  <testcase name="test089" classname="listas.RegressionTest1" time="0"/>
  <testcase name="test089" classname="listas.RegressionTest2" time="0"/>
  <testcase name="test089" classname="listas.RegressionTest3" time="0"/>
  <testcase name="test089" classname="listas.RegressionTest4" time="0"/>
  <testcase name="test089" classname="listas.RegressionTest5" time="0"/>
  <testcase name="test089" classname="listas.RegressionTest6" time="0"/>
  <testcase name="test089" classname="listas.RegressionTest7" time="0"/>
  <testcase name="test089" classname="listas.RegressionTest8" time="0"/>
  <testcase name="test089" classname="listas.RegressionTest9" time="0"/>
  <testcase name="test089" classname="listas.RegressionTest10" time="0"/>
  <testcase name="test090" classname="listas.RegressionTest0" time="0"/>
  <testcase name="test090" classname="listas.RegressionTest1" time="0"/>
  <testcase name="test090" classname="listas.RegressionTest2" time="0"/>
  <testcase name="test090" classname="listas.RegressionTest3" time="0"/>
  <testcase name="test090" classname="listas.RegressionTest4" time="0"/>
  <testcase name="test090" classname="listas.RegressionTest5" time="0"/>
  <testcase name="test090" classname="listas.RegressionTest6" time="0"/>
  <testcase name="test090" classname="listas.RegressionTest7" time="0"/>
  <testcase name="test090" classname="listas.RegressionTest8" time="0"/>
  <testcase name="test090" classname="listas.RegressionTest9" time="0"/>
  <testcase name="test090" classname="listas.RegressionTest10" time="0"/>
  <testcase name="test091" classname="listas.RegressionTest0" time="0"/>
  <testcase name="test091" classname="listas.RegressionTest1" time="0.001"/>
  <testcase name="test091" classname="listas.RegressionTest2" time="0"/>
  <testcase name="test091" classname="listas.RegressionTest3" time="0"/>
  <testcase name="test091" classname="listas.RegressionTest4" time="0"/>
  <testcase name="test091" classname="listas.RegressionTest5" time="0"/>
  <testcase name="test091" classname="listas.RegressionTest6" time="0"/>
  <testcase name="test091" classname="listas.RegressionTest7" time="0"/>
  <testcase name="test091" classname="listas.RegressionTest8" time="0"/>
  <testcase name="test091" classname="listas.RegressionTest9" time="0"/>
  <testcase name="test091" classname="listas.RegressionTest10" time="0"/>
  <testcase name="test092" classname="listas.RegressionTest0" time="0"/>
  <testcase name="test092" classname="listas.RegressionTest1" time="0"/>
  <testcase name="test092" classname="listas.RegressionTest2" time="0"/>
  <testcase name="test092" classname="listas.RegressionTest3" time="0"/>
  <testcase name="test092" classname="listas.RegressionTest4" time="0"/>
  <testcase name="test092" classname="listas.RegressionTest5" time="0"/>
  <testcase name="test092" classname="listas.RegressionTest6" time="0"/>
  <testcase name="test092" classname="listas.RegressionTest7" time="0"/>
  <testcase name="test092" classname="listas.RegressionTest8" time="0"/>
  <testcase name="test092" classname="listas.RegressionTest9" time="0"/>
  <testcase name="test092" classname="listas.RegressionTest10" time="0"/>
  <testcase name="test093" classname="listas.RegressionTest0" time="0"/>
  <testcase name="test093" classname="listas.RegressionTest1" time="0"/>
  <testcase name="test093" classname="listas.RegressionTest2" time="0"/>
  <testcase name="test093" classname="listas.RegressionTest3" time="0"/>
  <testcase name="test093" classname="listas.RegressionTest4" time="0"/>
  <testcase name="test093" classname="listas.RegressionTest5" time="0"/>
  <testcase name="test093" classname="listas.RegressionTest6" time="0"/>
  <testcase name="test093" classname="listas.RegressionTest7" time="0"/>
  <testcase name="test093" classname="listas.RegressionTest8" time="0"/>
  <testcase name="test093" classname="listas.RegressionTest9" time="0"/>
  <testcase name="test093" classname="listas.RegressionTest10" time="0"/>
  <testcase name="test094" classname="listas.RegressionTest0" time="0.001"/>
  <testcase name="test094" classname="listas.RegressionTest1" time="0"/>
  <testcase name="test094" classname="listas.RegressionTest2" time="0"/>
  <testcase name="test094" classname="listas.RegressionTest3" time="0"/>
  <testcase name="test094" classname="listas.RegressionTest4" time="0"/>
  <testcase name="test094" classname="listas.RegressionTest5" time="0"/>
  <testcase name="test094" classname="listas.RegressionTest6" time="0"/>
  <testcase name="test094" classname="listas.RegressionTest7" time="0"/>
  <testcase name="test094" classname="listas.RegressionTest8" time="0"/>
  <testcase name="test094" classname="listas.RegressionTest9" time="0"/>
  <testcase name="test094" classname="listas.RegressionTest10" time="0"/>
  <testcase name="test095" classname="listas.RegressionTest0" time="0"/>
  <testcase name="test095" classname="listas.RegressionTest1" time="0"/>
  <testcase name="test095" classname="listas.RegressionTest2" time="0"/>
  <testcase name="test095" classname="listas.RegressionTest3" time="0"/>
  <testcase name="test095" classname="listas.RegressionTest4" time="0"/>
  <testcase name="test095" classname="listas.RegressionTest5" time="0"/>
  <testcase name="test095" classname="listas.RegressionTest6" time="0"/>
  <testcase name="test095" classname="listas.RegressionTest7" time="0"/>
  <testcase name="test095" classname="listas.RegressionTest8" time="0"/>
  <testcase name="test095" classname="listas.RegressionTest9" time="0"/>
  <testcase name="test095" classname="listas.RegressionTest10" time="0"/>
  <testcase name="test096" classname="listas.RegressionTest0" time="0"/>
  <testcase name="test096" classname="listas.RegressionTest1" time="0"/>
  <testcase name="test096" classname="listas.RegressionTest2" time="0"/>
  <testcase name="test096" classname="listas.RegressionTest3" time="0"/>
  <testcase name="test096" classname="listas.RegressionTest4" time="0"/>
  <testcase name="test096" classname="listas.RegressionTest5" time="0"/>
  <testcase name="test096" classname="listas.RegressionTest6" time="0"/>
  <testcase name="test096" classname="listas.RegressionTest7" time="0"/>
  <testcase name="test096" classname="listas.RegressionTest8" time="0"/>
  <testcase name="test096" classname="listas.RegressionTest9" time="0"/>
  <testcase name="test096" classname="listas.RegressionTest10" time="0"/>
  <testcase name="test097" classname="listas.RegressionTest0" time="0"/>
  <testcase name="test097" classname="listas.RegressionTest1" time="0"/>
  <testcase name="test097" classname="listas.RegressionTest2" time="0"/>
  <testcase name="test097" classname="listas.RegressionTest3" time="0"/>
  <testcase name="test097" classname="listas.RegressionTest4" time="0"/>
  <testcase name="test097" classname="listas.RegressionTest5" time="0"/>
  <testcase name="test097" classname="listas.RegressionTest6" time="0"/>
  <testcase name="test097" classname="listas.RegressionTest7" time="0"/>
  <testcase name="test097" classname="listas.RegressionTest8" time="0"/>
  <testcase name="test097" classname="listas.RegressionTest9" time="0"/>
  <testcase name="test097" classname="listas.RegressionTest10" time="0"/>
  <testcase name="test098" classname="listas.RegressionTest0" time="0"/>
  <testcase name="test098" classname="listas.RegressionTest1" time="0"/>
  <testcase name="test098" classname="listas.RegressionTest2" time="0"/>
  <testcase name="test098" classname="listas.RegressionTest3" time="0"/>
  <testcase name="test098" classname="listas.RegressionTest4" time="0"/>
  <testcase name="test098" classname="listas.RegressionTest5" time="0"/>
  <testcase name="test098" classname="listas.RegressionTest6" time="0"/>
  <testcase name="test098" classname="listas.RegressionTest7" time="0"/>
  <testcase name="test098" classname="listas.RegressionTest8" time="0"/>
  <testcase name="test098" classname="listas.RegressionTest9" time="0"/>
  <testcase name="test098" classname="listas.RegressionTest10" time="0"/>
  <testcase name="test099" classname="listas.RegressionTest0" time="0.001"/>
  <testcase name="test099" classname="listas.RegressionTest1" time="0"/>
  <testcase name="test099" classname="listas.RegressionTest2" time="0"/>
  <testcase name="test099" classname="listas.RegressionTest3" time="0"/>
  <testcase name="test099" classname="listas.RegressionTest4" time="0"/>
  <testcase name="test099" classname="listas.RegressionTest5" time="0"/>
  <testcase name="test099" classname="listas.RegressionTest6" time="0"/>
  <testcase name="test099" classname="listas.RegressionTest7" time="0"/>
  <testcase name="test099" classname="listas.RegressionTest8" time="0"/>
  <testcase name="test099" classname="listas.RegressionTest9" time="0"/>
[...]
  <testcase name="test473" classname="listas.RegressionTest7" time="0"/>
  <testcase name="test473" classname="listas.RegressionTest8" time="0"/>
  <testcase name="test473" classname="listas.RegressionTest9" time="0"/>
  <testcase name="test474" classname="listas.RegressionTest0" time="0"/>
  <testcase name="test474" classname="listas.RegressionTest1" time="0"/>
  <testcase name="test474" classname="listas.RegressionTest2" time="0"/>
  <testcase name="test474" classname="listas.RegressionTest3" time="0"/>
  <testcase name="test474" classname="listas.RegressionTest4" time="0"/>
  <testcase name="test474" classname="listas.RegressionTest5" time="0"/>
  <testcase name="test474" classname="listas.RegressionTest6" time="0"/>
  <testcase name="test474" classname="listas.RegressionTest7" time="0"/>
  <testcase name="test474" classname="listas.RegressionTest8" time="0"/>
  <testcase name="test474" classname="listas.RegressionTest9" time="0"/>
  <testcase name="test475" classname="listas.RegressionTest0" time="0"/>
  <testcase name="test475" classname="listas.RegressionTest1" time="0"/>
  <testcase name="test475" classname="listas.RegressionTest2" time="0"/>
  <testcase name="test475" classname="listas.RegressionTest3" time="0"/>
  <testcase name="test475" classname="listas.RegressionTest4" time="0"/>
  <testcase name="test475" classname="listas.RegressionTest5" time="0"/>
  <testcase name="test475" classname="listas.RegressionTest6" time="0"/>
  <testcase name="test475" classname="listas.RegressionTest7" time="0"/>
  <testcase name="test475" classname="listas.RegressionTest8" time="0"/>
  <testcase name="test475" classname="listas.RegressionTest9" time="0"/>
  <testcase name="test476" classname="listas.RegressionTest0" time="0"/>
  <testcase name="test476" classname="listas.RegressionTest1" time="0"/>
  <testcase name="test476" classname="listas.RegressionTest2" time="0"/>
  <testcase name="test476" classname="listas.RegressionTest3" time="0.001"/>
  <testcase name="test476" classname="listas.RegressionTest4" time="0.001"/>
  <testcase name="test476" classname="listas.RegressionTest5" time="0"/>
  <testcase name="test476" classname="listas.RegressionTest6" time="0"/>
  <testcase name="test476" classname="listas.RegressionTest7" time="0"/>
  <testcase name="test476" classname="listas.RegressionTest8" time="0"/>
  <testcase name="test476" classname="listas.RegressionTest9" time="0"/>
  <testcase name="test477" classname="listas.RegressionTest0" time="0"/>
  <testcase name="test477" classname="listas.RegressionTest1" time="0"/>
  <testcase name="test477" classname="listas.RegressionTest2" time="0"/>
  <testcase name="test477" classname="listas.RegressionTest3" time="0"/>
  <testcase name="test477" classname="listas.RegressionTest4" time="0"/>
  <testcase name="test477" classname="listas.RegressionTest5" time="0"/>
  <testcase name="test477" classname="listas.RegressionTest6" time="0"/>
  <testcase name="test477" classname="listas.RegressionTest7" time="0"/>
  <testcase name="test477" classname="listas.RegressionTest8" time="0"/>
  <testcase name="test477" classname="listas.RegressionTest9" time="0"/>
  <testcase name="test478" classname="listas.RegressionTest0" time="0"/>
  <testcase name="test478" classname="listas.RegressionTest1" time="0"/>
  <testcase name="test478" classname="listas.RegressionTest2" time="0"/>
  <testcase name="test478" classname="listas.RegressionTest3" time="0"/>
  <testcase name="test478" classname="listas.RegressionTest4" time="0"/>
  <testcase name="test478" classname="listas.RegressionTest5" time="0"/>
  <testcase name="test478" classname="listas.RegressionTest6" time="0"/>
  <testcase name="test478" classname="listas.RegressionTest7" time="0"/>
  <testcase name="test478" classname="listas.RegressionTest8" time="0"/>
  <testcase name="test478" classname="listas.RegressionTest9" time="0"/>
  <testcase name="test479" classname="listas.RegressionTest0" time="0"/>
  <testcase name="test479" classname="listas.RegressionTest1" time="0"/>
  <testcase name="test479" classname="listas.RegressionTest2" time="0"/>
  <testcase name="test479" classname="listas.RegressionTest3" time="0"/>
  <testcase name="test479" classname="listas.RegressionTest4" time="0"/>
  <testcase name="test479" classname="listas.RegressionTest5" time="0.001"/>
  <testcase name="test479" classname="listas.RegressionTest6" time="0"/>
  <testcase name="test479" classname="listas.RegressionTest7" time="0"/>
  <testcase name="test479" classname="listas.RegressionTest8" time="0"/>
  <testcase name="test479" classname="listas.RegressionTest9" time="0"/>
  <testcase name="test480" classname="listas.RegressionTest0" time="0.001"/>
  <testcase name="test480" classname="listas.RegressionTest1" time="0"/>
  <testcase name="test480" classname="listas.RegressionTest2" time="0"/>
  <testcase name="test480" classname="listas.RegressionTest3" time="0"/>
  <testcase name="test480" classname="listas.RegressionTest4" time="0"/>
  <testcase name="test480" classname="listas.RegressionTest5" time="0"/>
  <testcase name="test480" classname="listas.RegressionTest6" time="0"/>
  <testcase name="test480" classname="listas.RegressionTest7" time="0"/>
  <testcase name="test480" classname="listas.RegressionTest8" time="0"/>
  <testcase name="test480" classname="listas.RegressionTest9" time="0"/>
  <testcase name="test481" classname="listas.RegressionTest0" time="0"/>
  <testcase name="test481" classname="listas.RegressionTest1" time="0"/>
  <testcase name="test481" classname="listas.RegressionTest2" time="0"/>
  <testcase name="test481" classname="listas.RegressionTest3" time="0"/>
  <testcase name="test481" classname="listas.RegressionTest4" time="0"/>
  <testcase name="test481" classname="listas.RegressionTest5" time="0"/>
  <testcase name="test481" classname="listas.RegressionTest6" time="0"/>
  <testcase name="test481" classname="listas.RegressionTest7" time="0"/>
  <testcase name="test481" classname="listas.RegressionTest8" time="0"/>
  <testcase name="test481" classname="listas.RegressionTest9" time="0"/>
  <testcase name="test482" classname="listas.RegressionTest0" time="0"/>
  <testcase name="test482" classname="listas.RegressionTest1" time="0"/>
  <testcase name="test482" classname="listas.RegressionTest2" time="0.001"/>
  <testcase name="test482" classname="listas.RegressionTest3" time="0"/>
  <testcase name="test482" classname="listas.RegressionTest4" time="0"/>
  <testcase name="test482" classname="listas.RegressionTest5" time="0"/>
  <testcase name="test482" classname="listas.RegressionTest6" time="0"/>
  <testcase name="test482" classname="listas.RegressionTest7" time="0"/>
  <testcase name="test482" classname="listas.RegressionTest8" time="0"/>
  <testcase name="test482" classname="listas.RegressionTest9" time="0"/>
  <testcase name="test483" classname="listas.RegressionTest0" time="0"/>
  <testcase name="test483" classname="listas.RegressionTest1" time="0"/>
  <testcase name="test483" classname="listas.RegressionTest2" time="0"/>
  <testcase name="test483" classname="listas.RegressionTest3" time="0"/>
  <testcase name="test483" classname="listas.RegressionTest4" time="0"/>
  <testcase name="test483" classname="listas.RegressionTest5" time="0"/>
  <testcase name="test483" classname="listas.RegressionTest6" time="0"/>
  <testcase name="test483" classname="listas.RegressionTest7" time="0"/>
  <testcase name="test483" classname="listas.RegressionTest8" time="0.001"/>
  <testcase name="test483" classname="listas.RegressionTest9" time="0"/>
  <testcase name="test484" classname="listas.RegressionTest0" time="0"/>
  <testcase name="test484" classname="listas.RegressionTest1" time="0"/>
  <testcase name="test484" classname="listas.RegressionTest2" time="0"/>
  <testcase name="test484" classname="listas.RegressionTest3" time="0"/>
  <testcase name="test484" classname="listas.RegressionTest4" time="0"/>
  <testcase name="test484" classname="listas.RegressionTest5" time="0"/>
  <testcase name="test484" classname="listas.RegressionTest6" time="0"/>
  <testcase name="test484" classname="listas.RegressionTest7" time="0"/>
  <testcase name="test484" classname="listas.RegressionTest8" time="0"/>
  <testcase name="test484" classname="listas.RegressionTest9" time="0"/>
  <testcase name="test485" classname="listas.RegressionTest0" time="0"/>
  <testcase name="test485" classname="listas.RegressionTest1" time="0"/>
  <testcase name="test485" classname="listas.RegressionTest2" time="0"/>
  <testcase name="test485" classname="listas.RegressionTest3" time="0"/>
  <testcase name="test485" classname="listas.RegressionTest4" time="0"/>
  <testcase name="test485" classname="listas.RegressionTest5" time="0"/>
  <testcase name="test485" classname="listas.RegressionTest6" time="0"/>
  <testcase name="test485" classname="listas.RegressionTest7" time="0"/>
  <testcase name="test485" classname="listas.RegressionTest8" time="0"/>
  <testcase name="test485" classname="listas.RegressionTest9" time="0"/>
  <testcase name="test486" classname="listas.RegressionTest0" time="0"/>
  <testcase name="test486" classname="listas.RegressionTest1" time="0"/>
  <testcase name="test486" classname="listas.RegressionTest2" time="0"/>
  <testcase name="test486" classname="listas.RegressionTest3" time="0"/>
  <testcase name="test486" classname="listas.RegressionTest4" time="0"/>
  <testcase name="test486" classname="listas.RegressionTest5" time="0"/>
  <testcase name="test486" classname="listas.RegressionTest6" time="0"/>
  <testcase name="test486" classname="listas.RegressionTest7" time="0"/>
  <testcase name="test486" classname="listas.RegressionTest8" time="0"/>
  <testcase name="test486" classname="listas.RegressionTest9" time="0"/>
  <testcase name="test487" classname="listas.RegressionTest0" time="0"/>
  <testcase name="test487" classname="listas.RegressionTest1" time="0"/>
  <testcase name="test487" classname="listas.RegressionTest2" time="0"/>
  <testcase name="test487" classname="listas.RegressionTest3" time="0"/>
  <testcase name="test487" classname="listas.RegressionTest4" time="0"/>
  <testcase name="test487" classname="listas.RegressionTest5" time="0"/>
  <testcase name="test487" classname="listas.RegressionTest6" time="0.001"/>
  <testcase name="test487" classname="listas.RegressionTest7" time="0"/>
  <testcase name="test487" classname="listas.RegressionTest8" time="0"/>
  <testcase name="test487" classname="listas.RegressionTest9" time="0"/>
  <testcase name="test488" classname="listas.RegressionTest0" time="0"/>
  <testcase name="test488" classname="listas.RegressionTest1" time="0"/>
  <testcase name="test488" classname="listas.RegressionTest2" time="0"/>
  <testcase name="test488" classname="listas.RegressionTest3" time="0"/>
  <testcase name="test488" classname="listas.RegressionTest4" time="0"/>
  <testcase name="test488" classname="listas.RegressionTest5" time="0"/>
  <testcase name="test488" classname="listas.RegressionTest6" time="0"/>
  <testcase name="test488" classname="listas.RegressionTest7" time="0"/>
  <testcase name="test488" classname="listas.RegressionTest8" time="0"/>
  <testcase name="test488" classname="listas.RegressionTest9" time="0"/>
  <testcase name="test489" classname="listas.RegressionTest0" time="0"/>
  <testcase name="test489" classname="listas.RegressionTest1" time="0"/>
  <testcase name="test489" classname="listas.RegressionTest2" time="0"/>
  <testcase name="test489" classname="listas.RegressionTest3" time="0"/>
  <testcase name="test489" classname="listas.RegressionTest4" time="0"/>
  <testcase name="test489" classname="listas.RegressionTest5" time="0"/>
  <testcase name="test489" classname="listas.RegressionTest6" time="0"/>
  <testcase name="test489" classname="listas.RegressionTest7" time="0"/>
  <testcase name="test489" classname="listas.RegressionTest8" time="0"/>
  <testcase name="test489" classname="listas.RegressionTest9" time="0"/>
  <testcase name="test490" classname="listas.RegressionTest0" time="0"/>
  <testcase name="test490" classname="listas.RegressionTest1" time="0"/>
  <testcase name="test490" classname="listas.RegressionTest2" time="0"/>
  <testcase name="test490" classname="listas.RegressionTest3" time="0"/>
  <testcase name="test490" classname="listas.RegressionTest4" time="0"/>
  <testcase name="test490" classname="listas.RegressionTest5" time="0"/>
  <testcase name="test490" classname="listas.RegressionTest6" time="0"/>
  <testcase name="test490" classname="listas.RegressionTest7" time="0"/>
  <testcase name="test490" classname="listas.RegressionTest8" time="0"/>
  <testcase name="test490" classname="listas.RegressionTest9" time="0"/>
  <testcase name="test491" classname="listas.RegressionTest0" time="0"/>
  <testcase name="test491" classname="listas.RegressionTest1" time="0"/>
  <testcase name="test491" classname="listas.RegressionTest2" time="0"/>
  <testcase name="test491" classname="listas.RegressionTest3" time="0"/>
  <testcase name="test491" classname="listas.RegressionTest4" time="0"/>
  <testcase name="test491" classname="listas.RegressionTest5" time="0"/>
  <testcase name="test491" classname="listas.RegressionTest6" time="0"/>
  <testcase name="test491" classname="listas.RegressionTest7" time="0"/>
  <testcase name="test491" classname="listas.RegressionTest8" time="0"/>
  <testcase name="test491" classname="listas.RegressionTest9" time="0"/>
  <testcase name="test492" classname="listas.RegressionTest0" time="0"/>
  <testcase name="test492" classname="listas.RegressionTest1" time="0"/>
  <testcase name="test492" classname="listas.RegressionTest2" time="0"/>
  <testcase name="test492" classname="listas.RegressionTest3" time="0"/>
  <testcase name="test492" classname="listas.RegressionTest4" time="0"/>
  <testcase name="test492" classname="listas.RegressionTest5" time="0"/>
  <testcase name="test492" classname="listas.RegressionTest6" time="0"/>
  <testcase name="test492" classname="listas.RegressionTest7" time="0"/>
  <testcase name="test492" classname="listas.RegressionTest8" time="0"/>
  <testcase name="test492" classname="listas.RegressionTest9" time="0"/>
  <testcase name="test493" classname="listas.RegressionTest0" time="0"/>
  <testcase name="test493" classname="listas.RegressionTest1" time="0"/>
  <testcase name="test493" classname="listas.RegressionTest2" time="0"/>
  <testcase name="test493" classname="listas.RegressionTest3" time="0"/>
  <testcase name="test493" classname="listas.RegressionTest4" time="0"/>
  <testcase name="test493" classname="listas.RegressionTest5" time="0"/>
  <testcase name="test493" classname="listas.RegressionTest6" time="0"/>
  <testcase name="test493" classname="listas.RegressionTest7" time="0"/>
  <testcase name="test493" classname="listas.RegressionTest8" time="0"/>
  <testcase name="test493" classname="listas.RegressionTest9" time="0"/>
  <testcase name="test494" classname="listas.RegressionTest0" time="0"/>
  <testcase name="test494" classname="listas.RegressionTest1" time="0"/>
  <testcase name="test494" classname="listas.RegressionTest2" time="0"/>
  <testcase name="test494" classname="listas.RegressionTest3" time="0"/>
  <testcase name="test494" classname="listas.RegressionTest4" time="0"/>
  <testcase name="test494" classname="listas.RegressionTest5" time="0"/>
  <testcase name="test494" classname="listas.RegressionTest6" time="0"/>
  <testcase name="test494" classname="listas.RegressionTest7" time="0"/>
  <testcase name="test494" classname="listas.RegressionTest8" time="0"/>
  <testcase name="test494" classname="listas.RegressionTest9" time="0"/>
  <testcase name="test495" classname="listas.RegressionTest0" time="0"/>
  <testcase name="test495" classname="listas.RegressionTest1" time="0"/>
  <testcase name="test495" classname="listas.RegressionTest2" time="0"/>
  <testcase name="test495" classname="listas.RegressionTest3" time="0"/>
  <testcase name="test495" classname="listas.RegressionTest4" time="0"/>
  <testcase name="test495" classname="listas.RegressionTest5" time="0"/>
  <testcase name="test495" classname="listas.RegressionTest6" time="0"/>
  <testcase name="test495" classname="listas.RegressionTest7" time="0"/>
  <testcase name="test495" classname="listas.RegressionTest8" time="0"/>
  <testcase name="test495" classname="listas.RegressionTest9" time="0"/>
  <testcase name="test496" classname="listas.RegressionTest0" time="0"/>
  <testcase name="test496" classname="listas.RegressionTest1" time="0"/>
  <testcase name="test496" classname="listas.RegressionTest2" time="0"/>
  <testcase name="test496" classname="listas.RegressionTest3" time="0"/>
  <testcase name="test496" classname="listas.RegressionTest4" time="0"/>
  <testcase name="test496" classname="listas.RegressionTest5" time="0"/>
  <testcase name="test496" classname="listas.RegressionTest6" time="0"/>
  <testcase name="test496" classname="listas.RegressionTest7" time="0"/>
  <testcase name="test496" classname="listas.RegressionTest8" time="0"/>
  <testcase name="test496" classname="listas.RegressionTest9" time="0"/>
  <testcase name="test497" classname="listas.RegressionTest0" time="0"/>
  <testcase name="test497" classname="listas.RegressionTest1" time="0"/>
  <testcase name="test497" classname="listas.RegressionTest2" time="0"/>
  <testcase name="test497" classname="listas.RegressionTest3" time="0"/>
  <testcase name="test497" classname="listas.RegressionTest4" time="0"/>
  <testcase name="test497" classname="listas.RegressionTest5" time="0"/>
  <testcase name="test497" classname="listas.RegressionTest6" time="0"/>
  <testcase name="test497" classname="listas.RegressionTest7" time="0"/>
  <testcase name="test497" classname="listas.RegressionTest8" time="0"/>
  <testcase name="test497" classname="listas.RegressionTest9" time="0"/>
  <testcase name="test498" classname="listas.RegressionTest0" time="0"/>
  <testcase name="test498" classname="listas.RegressionTest1" time="0"/>
  <testcase name="test498" classname="listas.RegressionTest2" time="0"/>
  <testcase name="test498" classname="listas.RegressionTest3" time="0"/>
  <testcase name="test498" classname="listas.RegressionTest4" time="0"/>
  <testcase name="test498" classname="listas.RegressionTest5" time="0"/>
  <testcase name="test498" classname="listas.RegressionTest6" time="0"/>
  <testcase name="test498" classname="listas.RegressionTest7" time="0"/>
  <testcase name="test498" classname="listas.RegressionTest8" time="0"/>
  <testcase name="test498" classname="listas.RegressionTest9" time="0"/>
  <testcase name="test499" classname="listas.RegressionTest0" time="0"/>
  <testcase name="test499" classname="listas.RegressionTest1" time="0"/>
  <testcase name="test499" classname="listas.RegressionTest2" time="0"/>
  <testcase name="test499" classname="listas.RegressionTest3" time="0"/>
  <testcase name="test499" classname="listas.RegressionTest4" time="0"/>
  <testcase name="test499" classname="listas.RegressionTest5" time="0"/>
  <testcase name="test499" classname="listas.RegressionTest6" time="0"/>
  <testcase name="test499" classname="listas.RegressionTest7" time="0"/>
  <testcase name="test499" classname="listas.RegressionTest8" time="0"/>
  <testcase name="test499" classname="listas.RegressionTest9" time="0"/>
  <testcase name="test500" classname="listas.RegressionTest0" time="0"/>
  <testcase name="test500" classname="listas.RegressionTest1" time="0"/>
  <testcase name="test500" classname="listas.RegressionTest2" time="0"/>
  <testcase name="test500" classname="listas.RegressionTest3" time="0"/>
  <testcase name="test500" classname="listas.RegressionTest4" time="0"/>
  <testcase name="test500" classname="listas.RegressionTest5" time="0"/>
  <testcase name="test500" classname="listas.RegressionTest6" time="0"/>
  <testcase name="test500" classname="listas.RegressionTest7" time="0"/>
  <testcase name="test500" classname="listas.RegressionTest8" time="0"/>
  <testcase name="test500" classname="listas.RegressionTest9" time="0"/>
</testsuite>